Compiling the CXX compiler identification source file "CMakeCXXCompilerId.cpp" failed.
Compiler: /usr/bin/arm-none-eabi-g++ 
Build flags: 
Id flags:  

The output was:
1
/usr/share/gcc-arm-none-eabi-10.3-2021.10/bin/../lib/gcc/arm-none-eabi/10.3.1/../../../../arm-none-eabi/bin/ld: /usr/share/gcc-arm-none-eabi-10.3-2021.10/bin/../lib/gcc/arm-none-eabi/10.3.1/../../../../arm-none-eabi/lib/libc.a(lib_a-exit.o): in function `exit':
exit.c:(.text.exit+0x2c): undefined reference to `_exit'
collect2: error: ld returned 1 exit status


Detecting CXX compiler ABI info failed to compile with the following output:
Change Dir: /home/sven/github/QWave/build/CMakeFiles/CMakeTmp

Run Build Command(s):/usr/bin/gmake -f Makefile cmTC_df835/fast && /usr/bin/gmake  -f CMakeFiles/cmTC_df835.dir/build.make CMakeFiles/cmTC_df835.dir/build
gmake[1]: Entering directory '/home/sven/github/QWave/build/CMakeFiles/CMakeTmp'
Building CXX object CMakeFiles/cmTC_df835.dir/CMakeCXXCompilerABI.cpp.o
/usr/bin/arm-none-eabi-g++   -v -o CMakeFiles/cmTC_df835.dir/CMakeCXXCompilerABI.cpp.o -c /usr/share/cmake-3.22/Modules/CMakeCXXCompilerABI.cpp
Using built-in specs.
COLLECT_GCC=/usr/bin/arm-none-eabi-g++
Target: arm-none-eabi
Configured with: /mnt/workspace/workspace/GCC-10-pipeline/jenkins-GCC-10-pipeline-338_20211018_1634516203/src/gcc/configure --target=arm-none-eabi --prefix=/mnt/workspace/workspace/GCC-10-pipeline/jenkins-GCC-10-pipeline-338_20211018_1634516203/install-native --libexecdir=/mnt/workspace/workspace/GCC-10-pipeline/jenkins-GCC-10-pipeline-338_20211018_1634516203/install-native/lib --infodir=/mnt/workspace/workspace/GCC-10-pipeline/jenkins-GCC-10-pipeline-338_20211018_1634516203/install-native/share/doc/gcc-arm-none-eabi/info --mandir=/mnt/workspace/workspace/GCC-10-pipeline/jenkins-GCC-10-pipeline-338_20211018_1634516203/install-native/share/doc/gcc-arm-none-eabi/man --htmldir=/mnt/workspace/workspace/GCC-10-pipeline/jenkins-GCC-10-pipeline-338_20211018_1634516203/install-native/share/doc/gcc-arm-none-eabi/html --pdfdir=/mnt/workspace/workspace/GCC-10-pipeline/jenkins-GCC-10-pipeline-338_20211018_1634516203/install-native/share/doc/gcc-arm-none-eabi/pdf --enable-languages=c,c++ --enable-plugins --disable-decimal-float --disable-libffi --disable-libgomp --disable-libmudflap --disable-libquadmath --disable-libssp --disable-libstdcxx-pch --disable-nls --disable-shared --disable-threads --disable-tls --with-gnu-as --with-gnu-ld --with-newlib --with-headers=yes --with-python-dir=share/gcc-arm-none-eabi --with-sysroot=/mnt/workspace/workspace/GCC-10-pipeline/jenkins-GCC-10-pipeline-338_20211018_1634516203/install-native/arm-none-eabi --build=x86_64-linux-gnu --host=x86_64-linux-gnu --with-gmp=/mnt/workspace/workspace/GCC-10-pipeline/jenkins-GCC-10-pipeline-338_20211018_1634516203/build-native/host-libs/usr --with-mpfr=/mnt/workspace/workspace/GCC-10-pipeline/jenkins-GCC-10-pipeline-338_20211018_1634516203/build-native/host-libs/usr --with-mpc=/mnt/workspace/workspace/GCC-10-pipeline/jenkins-GCC-10-pipeline-338_20211018_1634516203/build-native/host-libs/usr --with-isl=/mnt/workspace/workspace/GCC-10-pipeline/jenkins-GCC-10-pipeline-338_20211018_1634516203/build-native/host-libs/usr --with-libelf=/mnt/workspace/workspace/GCC-10-pipeline/jenkins-GCC-10-pipeline-338_20211018_1634516203/build-native/host-libs/usr --with-host-libstdcxx='-static-libgcc -Wl,-Bstatic,-lstdc++,-Bdynamic -lm' --with-pkgversion='GNU Arm Embedded Toolchain 10.3-2021.10' --with-multilib-list=rmprofile,aprofile
Thread model: single
Supported LTO compression algorithms: zlib
gcc version 10.3.1 20210824 (release) (GNU Arm Embedded Toolchain 10.3-2021.10) 
COLLECT_GCC_OPTIONS='-v' '-o' 'CMakeFiles/cmTC_df835.dir/CMakeCXXCompilerABI.cpp.o' '-c' '-mcpu=arm7tdmi' '-mfloat-abi=soft' '-marm' '-mlibarch=armv4t' '-march=armv4t'
 /usr/share/gcc-arm-none-eabi-10.3-2021.10/bin/../lib/gcc/arm-none-eabi/10.3.1/cc1plus -quiet -v -iprefix /usr/share/gcc-arm-none-eabi-10.3-2021.10/bin/../lib/gcc/arm-none-eabi/10.3.1/ -isysroot /usr/share/gcc-arm-none-eabi-10.3-2021.10/bin/../arm-none-eabi -D__USES_INITFINI__ /usr/share/cmake-3.22/Modules/CMakeCXXCompilerABI.cpp -quiet -dumpbase CMakeCXXCompilerABI.cpp -mcpu=arm7tdmi -mfloat-abi=soft -marm -mlibarch=armv4t -march=armv4t -auxbase-strip CMakeFiles/cmTC_df835.dir/CMakeCXXCompilerABI.cpp.o -version -o /tmp/ccHvqQ5i.s
GNU C++14 (GNU Arm Embedded Toolchain 10.3-2021.10) version 10.3.1 20210824 (release) (arm-none-eabi)
	compiled by GNU C version 4.8.4, GMP version 6.1.0, MPFR version 3.1.4, MPC version 1.0.3, isl version isl-0.18-GMP

GGC heuristics: --param ggc-min-expand=100 --param ggc-min-heapsize=131072
ignoring duplicate directory "/usr/share/gcc-arm-none-eabi-10.3-2021.10/bin/../lib/gcc/../../lib/gcc/arm-none-eabi/10.3.1/../../../../arm-none-eabi/include/c++/10.3.1"
ignoring duplicate directory "/usr/share/gcc-arm-none-eabi-10.3-2021.10/bin/../lib/gcc/../../lib/gcc/arm-none-eabi/10.3.1/../../../../arm-none-eabi/include/c++/10.3.1/arm-none-eabi"
ignoring duplicate directory "/usr/share/gcc-arm-none-eabi-10.3-2021.10/bin/../lib/gcc/../../lib/gcc/arm-none-eabi/10.3.1/../../../../arm-none-eabi/include/c++/10.3.1/backward"
ignoring duplicate directory "/usr/share/gcc-arm-none-eabi-10.3-2021.10/bin/../lib/gcc/../../lib/gcc/arm-none-eabi/10.3.1/include"
ignoring nonexistent directory "/usr/share/gcc-arm-none-eabi-10.3-2021.10/bin/../arm-none-eabi/usr/local/include"
ignoring duplicate directory "/usr/share/gcc-arm-none-eabi-10.3-2021.10/bin/../lib/gcc/../../lib/gcc/arm-none-eabi/10.3.1/include-fixed"
ignoring duplicate directory "/usr/share/gcc-arm-none-eabi-10.3-2021.10/bin/../lib/gcc/../../lib/gcc/arm-none-eabi/10.3.1/../../../../arm-none-eabi/include"
ignoring nonexistent directory "/usr/share/gcc-arm-none-eabi-10.3-2021.10/bin/../arm-none-eabi/usr/include"
#include "..." search starts here:
#include <...> search starts here:
 /usr/share/gcc-arm-none-eabi-10.3-2021.10/bin/../lib/gcc/arm-none-eabi/10.3.1/../../../../arm-none-eabi/include/c++/10.3.1
 /usr/share/gcc-arm-none-eabi-10.3-2021.10/bin/../lib/gcc/arm-none-eabi/10.3.1/../../../../arm-none-eabi/include/c++/10.3.1/arm-none-eabi
 /usr/share/gcc-arm-none-eabi-10.3-2021.10/bin/../lib/gcc/arm-none-eabi/10.3.1/../../../../arm-none-eabi/include/c++/10.3.1/backward
 /usr/share/gcc-arm-none-eabi-10.3-2021.10/bin/../lib/gcc/arm-none-eabi/10.3.1/include
 /usr/share/gcc-arm-none-eabi-10.3-2021.10/bin/../lib/gcc/arm-none-eabi/10.3.1/include-fixed
 /usr/share/gcc-arm-none-eabi-10.3-2021.10/bin/../lib/gcc/arm-none-eabi/10.3.1/../../../../arm-none-eabi/include
End of search list.
GNU C++14 (GNU Arm Embedded Toolchain 10.3-2021.10) version 10.3.1 20210824 (release) (arm-none-eabi)
	compiled by GNU C version 4.8.4, GMP version 6.1.0, MPFR version 3.1.4, MPC version 1.0.3, isl version isl-0.18-GMP

GGC heuristics: --param ggc-min-expand=100 --param ggc-min-heapsize=131072
Compiler executable checksum: 62a2c0a0f0d30bb0bbe5c686601adbb0
COLLECT_GCC_OPTIONS='-v' '-o' 'CMakeFiles/cmTC_df835.dir/CMakeCXXCompilerABI.cpp.o' '-c' '-mcpu=arm7tdmi' '-mfloat-abi=soft' '-marm' '-mlibarch=armv4t' '-march=armv4t'
 /usr/share/gcc-arm-none-eabi-10.3-2021.10/bin/../lib/gcc/arm-none-eabi/10.3.1/../../../../arm-none-eabi/bin/as -v -march=armv4t -mfloat-abi=soft -meabi=5 -o CMakeFiles/cmTC_df835.dir/CMakeCXXCompilerABI.cpp.o /tmp/ccHvqQ5i.s
GNU assembler version 2.36.1 (arm-none-eabi) using BFD version (GNU Arm Embedded Toolchain 10.3-2021.10) 2.36.1.20210621
COMPILER_PATH=/usr/share/gcc-arm-none-eabi-10.3-2021.10/bin/../lib/gcc/arm-none-eabi/10.3.1/:/usr/share/gcc-arm-none-eabi-10.3-2021.10/bin/../lib/gcc/:/usr/share/gcc-arm-none-eabi-10.3-2021.10/bin/../lib/gcc/arm-none-eabi/10.3.1/../../../../arm-none-eabi/bin/
LIBRARY_PATH=/usr/share/gcc-arm-none-eabi-10.3-2021.10/bin/../lib/gcc/arm-none-eabi/10.3.1/:/usr/share/gcc-arm-none-eabi-10.3-2021.10/bin/../lib/gcc/:/usr/share/gcc-arm-none-eabi-10.3-2021.10/bin/../lib/gcc/arm-none-eabi/10.3.1/../../../../arm-none-eabi/lib/:/usr/share/gcc-arm-none-eabi-10.3-2021.10/bin/../arm-none-eabi/lib/
COLLECT_GCC_OPTIONS='-v' '-o' 'CMakeFiles/cmTC_df835.dir/CMakeCXXCompilerABI.cpp.o' '-c' '-mcpu=arm7tdmi' '-mfloat-abi=soft' '-marm' '-mlibarch=armv4t' '-march=armv4t'
Linking CXX executable cmTC_df835
/usr/bin/cmake -E cmake_link_script CMakeFiles/cmTC_df835.dir/link.txt --verbose=1
/usr/bin/arm-none-eabi-g++  -v CMakeFiles/cmTC_df835.dir/CMakeCXXCompilerABI.cpp.o -o cmTC_df835 
Using built-in specs.
COLLECT_GCC=/usr/bin/arm-none-eabi-g++
COLLECT_LTO_WRAPPER=/usr/share/gcc-arm-none-eabi-10.3-2021.10/bin/../lib/gcc/arm-none-eabi/10.3.1/lto-wrapper
Target: arm-none-eabi
Configured with: /mnt/workspace/workspace/GCC-10-pipeline/jenkins-GCC-10-pipeline-338_20211018_1634516203/src/gcc/configure --target=arm-none-eabi --prefix=/mnt/workspace/workspace/GCC-10-pipeline/jenkins-GCC-10-pipeline-338_20211018_1634516203/install-native --libexecdir=/mnt/workspace/workspace/GCC-10-pipeline/jenkins-GCC-10-pipeline-338_20211018_1634516203/install-native/lib --infodir=/mnt/workspace/workspace/GCC-10-pipeline/jenkins-GCC-10-pipeline-338_20211018_1634516203/install-native/share/doc/gcc-arm-none-eabi/info --mandir=/mnt/workspace/workspace/GCC-10-pipeline/jenkins-GCC-10-pipeline-338_20211018_1634516203/install-native/share/doc/gcc-arm-none-eabi/man --htmldir=/mnt/workspace/workspace/GCC-10-pipeline/jenkins-GCC-10-pipeline-338_20211018_1634516203/install-native/share/doc/gcc-arm-none-eabi/html --pdfdir=/mnt/workspace/workspace/GCC-10-pipeline/jenkins-GCC-10-pipeline-338_20211018_1634516203/install-native/share/doc/gcc-arm-none-eabi/pdf --enable-languages=c,c++ --enable-plugins --disable-decimal-float --disable-libffi --disable-libgomp --disable-libmudflap --disable-libquadmath --disable-libssp --disable-libstdcxx-pch --disable-nls --disable-shared --disable-threads --disable-tls --with-gnu-as --with-gnu-ld --with-newlib --with-headers=yes --with-python-dir=share/gcc-arm-none-eabi --with-sysroot=/mnt/workspace/workspace/GCC-10-pipeline/jenkins-GCC-10-pipeline-338_20211018_1634516203/install-native/arm-none-eabi --build=x86_64-linux-gnu --host=x86_64-linux-gnu --with-gmp=/mnt/workspace/workspace/GCC-10-pipeline/jenkins-GCC-10-pipeline-338_20211018_1634516203/build-native/host-libs/usr --with-mpfr=/mnt/workspace/workspace/GCC-10-pipeline/jenkins-GCC-10-pipeline-338_20211018_1634516203/build-native/host-libs/usr --with-mpc=/mnt/workspace/workspace/GCC-10-pipeline/jenkins-GCC-10-pipeline-338_20211018_1634516203/build-native/host-libs/usr --with-isl=/mnt/workspace/workspace/GCC-10-pipeline/jenkins-GCC-10-pipeline-338_20211018_1634516203/build-native/host-libs/usr --with-libelf=/mnt/workspace/workspace/GCC-10-pipeline/jenkins-GCC-10-pipeline-338_20211018_1634516203/build-native/host-libs/usr --with-host-libstdcxx='-static-libgcc -Wl,-Bstatic,-lstdc++,-Bdynamic -lm' --with-pkgversion='GNU Arm Embedded Toolchain 10.3-2021.10' --with-multilib-list=rmprofile,aprofile
Thread model: single
Supported LTO compression algorithms: zlib
gcc version 10.3.1 20210824 (release) (GNU Arm Embedded Toolchain 10.3-2021.10) 
COMPILER_PATH=/usr/share/gcc-arm-none-eabi-10.3-2021.10/bin/../lib/gcc/arm-none-eabi/10.3.1/:/usr/share/gcc-arm-none-eabi-10.3-2021.10/bin/../lib/gcc/:/usr/share/gcc-arm-none-eabi-10.3-2021.10/bin/../lib/gcc/arm-none-eabi/10.3.1/../../../../arm-none-eabi/bin/
LIBRARY_PATH=/usr/share/gcc-arm-none-eabi-10.3-2021.10/bin/../lib/gcc/arm-none-eabi/10.3.1/:/usr/share/gcc-arm-none-eabi-10.3-2021.10/bin/../lib/gcc/:/usr/share/gcc-arm-none-eabi-10.3-2021.10/bin/../lib/gcc/arm-none-eabi/10.3.1/../../../../arm-none-eabi/lib/:/usr/share/gcc-arm-none-eabi-10.3-2021.10/bin/../arm-none-eabi/lib/
COLLECT_GCC_OPTIONS='-v' '-o' 'cmTC_df835' '-mcpu=arm7tdmi' '-mfloat-abi=soft' '-marm' '-mlibarch=armv4t' '-march=armv4t'
 /usr/share/gcc-arm-none-eabi-10.3-2021.10/bin/../lib/gcc/arm-none-eabi/10.3.1/collect2 -plugin /usr/share/gcc-arm-none-eabi-10.3-2021.10/bin/../lib/gcc/arm-none-eabi/10.3.1/liblto_plugin.so -plugin-opt=/usr/share/gcc-arm-none-eabi-10.3-2021.10/bin/../lib/gcc/arm-none-eabi/10.3.1/lto-wrapper -plugin-opt=-fresolution=/tmp/ccnW8uAd.res -plugin-opt=-pass-through=-lgcc -plugin-opt=-pass-through=-lc --sysroot=/usr/share/gcc-arm-none-eabi-10.3-2021.10/bin/../arm-none-eabi -X -o cmTC_df835 /usr/share/gcc-arm-none-eabi-10.3-2021.10/bin/../lib/gcc/arm-none-eabi/10.3.1/crti.o /usr/share/gcc-arm-none-eabi-10.3-2021.10/bin/../lib/gcc/arm-none-eabi/10.3.1/crtbegin.o /usr/share/gcc-arm-none-eabi-10.3-2021.10/bin/../lib/gcc/arm-none-eabi/10.3.1/../../../../arm-none-eabi/lib/crt0.o -L/usr/share/gcc-arm-none-eabi-10.3-2021.10/bin/../lib/gcc/arm-none-eabi/10.3.1 -L/usr/share/gcc-arm-none-eabi-10.3-2021.10/bin/../lib/gcc -L/usr/share/gcc-arm-none-eabi-10.3-2021.10/bin/../lib/gcc/arm-none-eabi/10.3.1/../../../../arm-none-eabi/lib -L/usr/share/gcc-arm-none-eabi-10.3-2021.10/bin/../arm-none-eabi/lib CMakeFiles/cmTC_df835.dir/CMakeCXXCompilerABI.cpp.o -lstdc++ -lm --start-group -lgcc -lc --end-group /usr/share/gcc-arm-none-eabi-10.3-2021.10/bin/../lib/gcc/arm-none-eabi/10.3.1/crtend.o /usr/share/gcc-arm-none-eabi-10.3-2021.10/bin/../lib/gcc/arm-none-eabi/10.3.1/crtn.o
/usr/share/gcc-arm-none-eabi-10.3-2021.10/bin/../lib/gcc/arm-none-eabi/10.3.1/../../../../arm-none-eabi/bin/ld: /usr/share/gcc-arm-none-eabi-10.3-2021.10/bin/../lib/gcc/arm-none-eabi/10.3.1/../../../../arm-none-eabi/lib/libc.a(lib_a-exit.o): in function `exit':
exit.c:(.text.exit+0x2c): undefined reference to `_exit'
collect2: error: ld returned 1 exit status
gmake[1]: *** [CMakeFiles/cmTC_df835.dir/build.make:99: cmTC_df835] Error 1
gmake[1]: Leaving directory '/home/sven/github/QWave/build/CMakeFiles/CMakeTmp'
gmake: *** [Makefile:127: cmTC_df835/fast] Error 2




Determining if the CXX compiler works failed with the following output:
Change Dir: /home/sven/github/QWave/build/CMakeFiles/CMakeTmp

Run Build Command(s):/usr/bin/gmake -f Makefile cmTC_30198/fast && /usr/bin/gmake  -f CMakeFiles/cmTC_30198.dir/build.make CMakeFiles/cmTC_30198.dir/build
gmake[1]: Verzeichnis „/home/sven/github/QWave/build/CMakeFiles/CMakeTmp“ wird betreten
Building CXX object CMakeFiles/cmTC_30198.dir/testCXXCompiler.cxx.o
/usr/bin/arm-none-eabi-g++    -o CMakeFiles/cmTC_30198.dir/testCXXCompiler.cxx.o -c /home/sven/github/QWave/build/CMakeFiles/CMakeTmp/testCXXCompiler.cxx
Linking CXX executable cmTC_30198
/usr/bin/cmake -E cmake_link_script CMakeFiles/cmTC_30198.dir/link.txt --verbose=1
/usr/bin/arm-none-eabi-g++ CMakeFiles/cmTC_30198.dir/testCXXCompiler.cxx.o -o cmTC_30198 
/usr/share/gcc-arm-none-eabi-10.3-2021.10/bin/../lib/gcc/arm-none-eabi/10.3.1/../../../../arm-none-eabi/bin/ld: /usr/share/gcc-arm-none-eabi-10.3-2021.10/bin/../lib/gcc/arm-none-eabi/10.3.1/../../../../arm-none-eabi/lib/libc.a(lib_a-exit.o): in function `exit':
exit.c:(.text.exit+0x2c): undefined reference to `_exit'
collect2: error: ld returned 1 exit status
gmake[1]: *** [CMakeFiles/cmTC_30198.dir/build.make:99: cmTC_30198] Fehler 1
gmake[1]: Verzeichnis „/home/sven/github/QWave/build/CMakeFiles/CMakeTmp“ wird verlassen
gmake: *** [Makefile:127: cmTC_30198/fast] Fehler 2



Compiling the CXX compiler identification source file "CMakeCXXCompilerId.cpp" failed.
Compiler: /usr/bin/arm-none-eabi-g++ 
Build flags: 
Id flags:  

The output was:
1
/usr/share/gcc-arm-none-eabi-10.3-2021.10/bin/../lib/gcc/arm-none-eabi/10.3.1/../../../../arm-none-eabi/bin/ld: /usr/share/gcc-arm-none-eabi-10.3-2021.10/bin/../lib/gcc/arm-none-eabi/10.3.1/../../../../arm-none-eabi/lib/libc.a(lib_a-exit.o): in function `exit':
exit.c:(.text.exit+0x2c): undefined reference to `_exit'
collect2: error: ld returned 1 exit status


Detecting CXX compiler ABI info failed to compile with the following output:
Change Dir: /home/sven/github/QWave/build/CMakeFiles/CMakeTmp

Run Build Command(s):/usr/bin/gmake -f Makefile cmTC_47748/fast && /usr/bin/gmake  -f CMakeFiles/cmTC_47748.dir/build.make CMakeFiles/cmTC_47748.dir/build
gmake[1]: Entering directory '/home/sven/github/QWave/build/CMakeFiles/CMakeTmp'
Building CXX object CMakeFiles/cmTC_47748.dir/CMakeCXXCompilerABI.cpp.o
/usr/bin/arm-none-eabi-g++   -v -o CMakeFiles/cmTC_47748.dir/CMakeCXXCompilerABI.cpp.o -c /usr/share/cmake-3.22/Modules/CMakeCXXCompilerABI.cpp
Using built-in specs.
COLLECT_GCC=/usr/bin/arm-none-eabi-g++
Target: arm-none-eabi
Configured with: /mnt/workspace/workspace/GCC-10-pipeline/jenkins-GCC-10-pipeline-338_20211018_1634516203/src/gcc/configure --target=arm-none-eabi --prefix=/mnt/workspace/workspace/GCC-10-pipeline/jenkins-GCC-10-pipeline-338_20211018_1634516203/install-native --libexecdir=/mnt/workspace/workspace/GCC-10-pipeline/jenkins-GCC-10-pipeline-338_20211018_1634516203/install-native/lib --infodir=/mnt/workspace/workspace/GCC-10-pipeline/jenkins-GCC-10-pipeline-338_20211018_1634516203/install-native/share/doc/gcc-arm-none-eabi/info --mandir=/mnt/workspace/workspace/GCC-10-pipeline/jenkins-GCC-10-pipeline-338_20211018_1634516203/install-native/share/doc/gcc-arm-none-eabi/man --htmldir=/mnt/workspace/workspace/GCC-10-pipeline/jenkins-GCC-10-pipeline-338_20211018_1634516203/install-native/share/doc/gcc-arm-none-eabi/html --pdfdir=/mnt/workspace/workspace/GCC-10-pipeline/jenkins-GCC-10-pipeline-338_20211018_1634516203/install-native/share/doc/gcc-arm-none-eabi/pdf --enable-languages=c,c++ --enable-plugins --disable-decimal-float --disable-libffi --disable-libgomp --disable-libmudflap --disable-libquadmath --disable-libssp --disable-libstdcxx-pch --disable-nls --disable-shared --disable-threads --disable-tls --with-gnu-as --with-gnu-ld --with-newlib --with-headers=yes --with-python-dir=share/gcc-arm-none-eabi --with-sysroot=/mnt/workspace/workspace/GCC-10-pipeline/jenkins-GCC-10-pipeline-338_20211018_1634516203/install-native/arm-none-eabi --build=x86_64-linux-gnu --host=x86_64-linux-gnu --with-gmp=/mnt/workspace/workspace/GCC-10-pipeline/jenkins-GCC-10-pipeline-338_20211018_1634516203/build-native/host-libs/usr --with-mpfr=/mnt/workspace/workspace/GCC-10-pipeline/jenkins-GCC-10-pipeline-338_20211018_1634516203/build-native/host-libs/usr --with-mpc=/mnt/workspace/workspace/GCC-10-pipeline/jenkins-GCC-10-pipeline-338_20211018_1634516203/build-native/host-libs/usr --with-isl=/mnt/workspace/workspace/GCC-10-pipeline/jenkins-GCC-10-pipeline-338_20211018_1634516203/build-native/host-libs/usr --with-libelf=/mnt/workspace/workspace/GCC-10-pipeline/jenkins-GCC-10-pipeline-338_20211018_1634516203/build-native/host-libs/usr --with-host-libstdcxx='-static-libgcc -Wl,-Bstatic,-lstdc++,-Bdynamic -lm' --with-pkgversion='GNU Arm Embedded Toolchain 10.3-2021.10' --with-multilib-list=rmprofile,aprofile
Thread model: single
Supported LTO compression algorithms: zlib
gcc version 10.3.1 20210824 (release) (GNU Arm Embedded Toolchain 10.3-2021.10) 
COLLECT_GCC_OPTIONS='-v' '-o' 'CMakeFiles/cmTC_47748.dir/CMakeCXXCompilerABI.cpp.o' '-c' '-mcpu=arm7tdmi' '-mfloat-abi=soft' '-marm' '-mlibarch=armv4t' '-march=armv4t'
 /usr/share/gcc-arm-none-eabi-10.3-2021.10/bin/../lib/gcc/arm-none-eabi/10.3.1/cc1plus -quiet -v -iprefix /usr/share/gcc-arm-none-eabi-10.3-2021.10/bin/../lib/gcc/arm-none-eabi/10.3.1/ -isysroot /usr/share/gcc-arm-none-eabi-10.3-2021.10/bin/../arm-none-eabi -D__USES_INITFINI__ /usr/share/cmake-3.22/Modules/CMakeCXXCompilerABI.cpp -quiet -dumpbase CMakeCXXCompilerABI.cpp -mcpu=arm7tdmi -mfloat-abi=soft -marm -mlibarch=armv4t -march=armv4t -auxbase-strip CMakeFiles/cmTC_47748.dir/CMakeCXXCompilerABI.cpp.o -version -o /tmp/ccF00Gfi.s
GNU C++14 (GNU Arm Embedded Toolchain 10.3-2021.10) version 10.3.1 20210824 (release) (arm-none-eabi)
	compiled by GNU C version 4.8.4, GMP version 6.1.0, MPFR version 3.1.4, MPC version 1.0.3, isl version isl-0.18-GMP

GGC heuristics: --param ggc-min-expand=100 --param ggc-min-heapsize=131072
ignoring duplicate directory "/usr/share/gcc-arm-none-eabi-10.3-2021.10/bin/../lib/gcc/../../lib/gcc/arm-none-eabi/10.3.1/../../../../arm-none-eabi/include/c++/10.3.1"
ignoring duplicate directory "/usr/share/gcc-arm-none-eabi-10.3-2021.10/bin/../lib/gcc/../../lib/gcc/arm-none-eabi/10.3.1/../../../../arm-none-eabi/include/c++/10.3.1/arm-none-eabi"
ignoring duplicate directory "/usr/share/gcc-arm-none-eabi-10.3-2021.10/bin/../lib/gcc/../../lib/gcc/arm-none-eabi/10.3.1/../../../../arm-none-eabi/include/c++/10.3.1/backward"
ignoring duplicate directory "/usr/share/gcc-arm-none-eabi-10.3-2021.10/bin/../lib/gcc/../../lib/gcc/arm-none-eabi/10.3.1/include"
ignoring nonexistent directory "/usr/share/gcc-arm-none-eabi-10.3-2021.10/bin/../arm-none-eabi/usr/local/include"
ignoring duplicate directory "/usr/share/gcc-arm-none-eabi-10.3-2021.10/bin/../lib/gcc/../../lib/gcc/arm-none-eabi/10.3.1/include-fixed"
ignoring duplicate directory "/usr/share/gcc-arm-none-eabi-10.3-2021.10/bin/../lib/gcc/../../lib/gcc/arm-none-eabi/10.3.1/../../../../arm-none-eabi/include"
ignoring nonexistent directory "/usr/share/gcc-arm-none-eabi-10.3-2021.10/bin/../arm-none-eabi/usr/include"
#include "..." search starts here:
#include <...> search starts here:
 /usr/share/gcc-arm-none-eabi-10.3-2021.10/bin/../lib/gcc/arm-none-eabi/10.3.1/../../../../arm-none-eabi/include/c++/10.3.1
 /usr/share/gcc-arm-none-eabi-10.3-2021.10/bin/../lib/gcc/arm-none-eabi/10.3.1/../../../../arm-none-eabi/include/c++/10.3.1/arm-none-eabi
 /usr/share/gcc-arm-none-eabi-10.3-2021.10/bin/../lib/gcc/arm-none-eabi/10.3.1/../../../../arm-none-eabi/include/c++/10.3.1/backward
 /usr/share/gcc-arm-none-eabi-10.3-2021.10/bin/../lib/gcc/arm-none-eabi/10.3.1/include
 /usr/share/gcc-arm-none-eabi-10.3-2021.10/bin/../lib/gcc/arm-none-eabi/10.3.1/include-fixed
 /usr/share/gcc-arm-none-eabi-10.3-2021.10/bin/../lib/gcc/arm-none-eabi/10.3.1/../../../../arm-none-eabi/include
End of search list.
GNU C++14 (GNU Arm Embedded Toolchain 10.3-2021.10) version 10.3.1 20210824 (release) (arm-none-eabi)
	compiled by GNU C version 4.8.4, GMP version 6.1.0, MPFR version 3.1.4, MPC version 1.0.3, isl version isl-0.18-GMP

GGC heuristics: --param ggc-min-expand=100 --param ggc-min-heapsize=131072
Compiler executable checksum: 62a2c0a0f0d30bb0bbe5c686601adbb0
COLLECT_GCC_OPTIONS='-v' '-o' 'CMakeFiles/cmTC_47748.dir/CMakeCXXCompilerABI.cpp.o' '-c' '-mcpu=arm7tdmi' '-mfloat-abi=soft' '-marm' '-mlibarch=armv4t' '-march=armv4t'
 /usr/share/gcc-arm-none-eabi-10.3-2021.10/bin/../lib/gcc/arm-none-eabi/10.3.1/../../../../arm-none-eabi/bin/as -v -march=armv4t -mfloat-abi=soft -meabi=5 -o CMakeFiles/cmTC_47748.dir/CMakeCXXCompilerABI.cpp.o /tmp/ccF00Gfi.s
GNU assembler version 2.36.1 (arm-none-eabi) using BFD version (GNU Arm Embedded Toolchain 10.3-2021.10) 2.36.1.20210621
COMPILER_PATH=/usr/share/gcc-arm-none-eabi-10.3-2021.10/bin/../lib/gcc/arm-none-eabi/10.3.1/:/usr/share/gcc-arm-none-eabi-10.3-2021.10/bin/../lib/gcc/:/usr/share/gcc-arm-none-eabi-10.3-2021.10/bin/../lib/gcc/arm-none-eabi/10.3.1/../../../../arm-none-eabi/bin/
LIBRARY_PATH=/usr/share/gcc-arm-none-eabi-10.3-2021.10/bin/../lib/gcc/arm-none-eabi/10.3.1/:/usr/share/gcc-arm-none-eabi-10.3-2021.10/bin/../lib/gcc/:/usr/share/gcc-arm-none-eabi-10.3-2021.10/bin/../lib/gcc/arm-none-eabi/10.3.1/../../../../arm-none-eabi/lib/:/usr/share/gcc-arm-none-eabi-10.3-2021.10/bin/../arm-none-eabi/lib/
COLLECT_GCC_OPTIONS='-v' '-o' 'CMakeFiles/cmTC_47748.dir/CMakeCXXCompilerABI.cpp.o' '-c' '-mcpu=arm7tdmi' '-mfloat-abi=soft' '-marm' '-mlibarch=armv4t' '-march=armv4t'
Linking CXX executable cmTC_47748
/usr/bin/cmake -E cmake_link_script CMakeFiles/cmTC_47748.dir/link.txt --verbose=1
/usr/bin/arm-none-eabi-g++  -v CMakeFiles/cmTC_47748.dir/CMakeCXXCompilerABI.cpp.o -o cmTC_47748 
Using built-in specs.
COLLECT_GCC=/usr/bin/arm-none-eabi-g++
COLLECT_LTO_WRAPPER=/usr/share/gcc-arm-none-eabi-10.3-2021.10/bin/../lib/gcc/arm-none-eabi/10.3.1/lto-wrapper
Target: arm-none-eabi
Configured with: /mnt/workspace/workspace/GCC-10-pipeline/jenkins-GCC-10-pipeline-338_20211018_1634516203/src/gcc/configure --target=arm-none-eabi --prefix=/mnt/workspace/workspace/GCC-10-pipeline/jenkins-GCC-10-pipeline-338_20211018_1634516203/install-native --libexecdir=/mnt/workspace/workspace/GCC-10-pipeline/jenkins-GCC-10-pipeline-338_20211018_1634516203/install-native/lib --infodir=/mnt/workspace/workspace/GCC-10-pipeline/jenkins-GCC-10-pipeline-338_20211018_1634516203/install-native/share/doc/gcc-arm-none-eabi/info --mandir=/mnt/workspace/workspace/GCC-10-pipeline/jenkins-GCC-10-pipeline-338_20211018_1634516203/install-native/share/doc/gcc-arm-none-eabi/man --htmldir=/mnt/workspace/workspace/GCC-10-pipeline/jenkins-GCC-10-pipeline-338_20211018_1634516203/install-native/share/doc/gcc-arm-none-eabi/html --pdfdir=/mnt/workspace/workspace/GCC-10-pipeline/jenkins-GCC-10-pipeline-338_20211018_1634516203/install-native/share/doc/gcc-arm-none-eabi/pdf --enable-languages=c,c++ --enable-plugins --disable-decimal-float --disable-libffi --disable-libgomp --disable-libmudflap --disable-libquadmath --disable-libssp --disable-libstdcxx-pch --disable-nls --disable-shared --disable-threads --disable-tls --with-gnu-as --with-gnu-ld --with-newlib --with-headers=yes --with-python-dir=share/gcc-arm-none-eabi --with-sysroot=/mnt/workspace/workspace/GCC-10-pipeline/jenkins-GCC-10-pipeline-338_20211018_1634516203/install-native/arm-none-eabi --build=x86_64-linux-gnu --host=x86_64-linux-gnu --with-gmp=/mnt/workspace/workspace/GCC-10-pipeline/jenkins-GCC-10-pipeline-338_20211018_1634516203/build-native/host-libs/usr --with-mpfr=/mnt/workspace/workspace/GCC-10-pipeline/jenkins-GCC-10-pipeline-338_20211018_1634516203/build-native/host-libs/usr --with-mpc=/mnt/workspace/workspace/GCC-10-pipeline/jenkins-GCC-10-pipeline-338_20211018_1634516203/build-native/host-libs/usr --with-isl=/mnt/workspace/workspace/GCC-10-pipeline/jenkins-GCC-10-pipeline-338_20211018_1634516203/build-native/host-libs/usr --with-libelf=/mnt/workspace/workspace/GCC-10-pipeline/jenkins-GCC-10-pipeline-338_20211018_1634516203/build-native/host-libs/usr --with-host-libstdcxx='-static-libgcc -Wl,-Bstatic,-lstdc++,-Bdynamic -lm' --with-pkgversion='GNU Arm Embedded Toolchain 10.3-2021.10' --with-multilib-list=rmprofile,aprofile
Thread model: single
Supported LTO compression algorithms: zlib
gcc version 10.3.1 20210824 (release) (GNU Arm Embedded Toolchain 10.3-2021.10) 
COMPILER_PATH=/usr/share/gcc-arm-none-eabi-10.3-2021.10/bin/../lib/gcc/arm-none-eabi/10.3.1/:/usr/share/gcc-arm-none-eabi-10.3-2021.10/bin/../lib/gcc/:/usr/share/gcc-arm-none-eabi-10.3-2021.10/bin/../lib/gcc/arm-none-eabi/10.3.1/../../../../arm-none-eabi/bin/
LIBRARY_PATH=/usr/share/gcc-arm-none-eabi-10.3-2021.10/bin/../lib/gcc/arm-none-eabi/10.3.1/:/usr/share/gcc-arm-none-eabi-10.3-2021.10/bin/../lib/gcc/:/usr/share/gcc-arm-none-eabi-10.3-2021.10/bin/../lib/gcc/arm-none-eabi/10.3.1/../../../../arm-none-eabi/lib/:/usr/share/gcc-arm-none-eabi-10.3-2021.10/bin/../arm-none-eabi/lib/
COLLECT_GCC_OPTIONS='-v' '-o' 'cmTC_47748' '-mcpu=arm7tdmi' '-mfloat-abi=soft' '-marm' '-mlibarch=armv4t' '-march=armv4t'
 /usr/share/gcc-arm-none-eabi-10.3-2021.10/bin/../lib/gcc/arm-none-eabi/10.3.1/collect2 -plugin /usr/share/gcc-arm-none-eabi-10.3-2021.10/bin/../lib/gcc/arm-none-eabi/10.3.1/liblto_plugin.so -plugin-opt=/usr/share/gcc-arm-none-eabi-10.3-2021.10/bin/../lib/gcc/arm-none-eabi/10.3.1/lto-wrapper -plugin-opt=-fresolution=/tmp/ccF9v4ko.res -plugin-opt=-pass-through=-lgcc -plugin-opt=-pass-through=-lc --sysroot=/usr/share/gcc-arm-none-eabi-10.3-2021.10/bin/../arm-none-eabi -X -o cmTC_47748 /usr/share/gcc-arm-none-eabi-10.3-2021.10/bin/../lib/gcc/arm-none-eabi/10.3.1/crti.o /usr/share/gcc-arm-none-eabi-10.3-2021.10/bin/../lib/gcc/arm-none-eabi/10.3.1/crtbegin.o /usr/share/gcc-arm-none-eabi-10.3-2021.10/bin/../lib/gcc/arm-none-eabi/10.3.1/../../../../arm-none-eabi/lib/crt0.o -L/usr/share/gcc-arm-none-eabi-10.3-2021.10/bin/../lib/gcc/arm-none-eabi/10.3.1 -L/usr/share/gcc-arm-none-eabi-10.3-2021.10/bin/../lib/gcc -L/usr/share/gcc-arm-none-eabi-10.3-2021.10/bin/../lib/gcc/arm-none-eabi/10.3.1/../../../../arm-none-eabi/lib -L/usr/share/gcc-arm-none-eabi-10.3-2021.10/bin/../arm-none-eabi/lib CMakeFiles/cmTC_47748.dir/CMakeCXXCompilerABI.cpp.o -lstdc++ -lm --start-group -lgcc -lc --end-group /usr/share/gcc-arm-none-eabi-10.3-2021.10/bin/../lib/gcc/arm-none-eabi/10.3.1/crtend.o /usr/share/gcc-arm-none-eabi-10.3-2021.10/bin/../lib/gcc/arm-none-eabi/10.3.1/crtn.o
/usr/share/gcc-arm-none-eabi-10.3-2021.10/bin/../lib/gcc/arm-none-eabi/10.3.1/../../../../arm-none-eabi/bin/ld: /usr/share/gcc-arm-none-eabi-10.3-2021.10/bin/../lib/gcc/arm-none-eabi/10.3.1/../../../../arm-none-eabi/lib/libc.a(lib_a-exit.o): in function `exit':
exit.c:(.text.exit+0x2c): undefined reference to `_exit'
collect2: error: ld returned 1 exit status
gmake[1]: *** [CMakeFiles/cmTC_47748.dir/build.make:99: cmTC_47748] Error 1
gmake[1]: Leaving directory '/home/sven/github/QWave/build/CMakeFiles/CMakeTmp'
gmake: *** [Makefile:127: cmTC_47748/fast] Error 2




Determining if the CXX compiler works failed with the following output:
Change Dir: /home/sven/github/QWave/build/CMakeFiles/CMakeTmp

Run Build Command(s):/usr/bin/gmake -f Makefile cmTC_07b86/fast && /usr/bin/gmake  -f CMakeFiles/cmTC_07b86.dir/build.make CMakeFiles/cmTC_07b86.dir/build
gmake[1]: Verzeichnis „/home/sven/github/QWave/build/CMakeFiles/CMakeTmp“ wird betreten
Building CXX object CMakeFiles/cmTC_07b86.dir/testCXXCompiler.cxx.o
/usr/bin/arm-none-eabi-g++    -o CMakeFiles/cmTC_07b86.dir/testCXXCompiler.cxx.o -c /home/sven/github/QWave/build/CMakeFiles/CMakeTmp/testCXXCompiler.cxx
Linking CXX executable cmTC_07b86
/usr/bin/cmake -E cmake_link_script CMakeFiles/cmTC_07b86.dir/link.txt --verbose=1
/usr/bin/arm-none-eabi-g++ CMakeFiles/cmTC_07b86.dir/testCXXCompiler.cxx.o -o cmTC_07b86 
/usr/share/gcc-arm-none-eabi-10.3-2021.10/bin/../lib/gcc/arm-none-eabi/10.3.1/../../../../arm-none-eabi/bin/ld: /usr/share/gcc-arm-none-eabi-10.3-2021.10/bin/../lib/gcc/arm-none-eabi/10.3.1/../../../../arm-none-eabi/lib/libc.a(lib_a-exit.o): in function `exit':
exit.c:(.text.exit+0x2c): undefined reference to `_exit'
collect2: error: ld returned 1 exit status
gmake[1]: *** [CMakeFiles/cmTC_07b86.dir/build.make:99: cmTC_07b86] Fehler 1
gmake[1]: Verzeichnis „/home/sven/github/QWave/build/CMakeFiles/CMakeTmp“ wird verlassen
gmake: *** [Makefile:127: cmTC_07b86/fast] Fehler 2



Compiling the CXX compiler identification source file "CMakeCXXCompilerId.cpp" failed.
Compiler: /usr/bin/arm-none-eabi-g++ 
Build flags: 
Id flags:  

The output was:
1
/usr/share/gcc-arm-none-eabi-10.3-2021.10/bin/../lib/gcc/arm-none-eabi/10.3.1/../../../../arm-none-eabi/bin/ld: /usr/share/gcc-arm-none-eabi-10.3-2021.10/bin/../lib/gcc/arm-none-eabi/10.3.1/../../../../arm-none-eabi/lib/libc.a(lib_a-exit.o): in function `exit':
exit.c:(.text.exit+0x2c): undefined reference to `_exit'
collect2: error: ld returned 1 exit status


Detecting CXX compiler ABI info failed to compile with the following output:
Change Dir: /home/sven/github/QWave/build/CMakeFiles/CMakeTmp

Run Build Command(s):/usr/bin/gmake -f Makefile cmTC_d4c8f/fast && /usr/bin/gmake  -f CMakeFiles/cmTC_d4c8f.dir/build.make CMakeFiles/cmTC_d4c8f.dir/build
gmake[1]: Entering directory '/home/sven/github/QWave/build/CMakeFiles/CMakeTmp'
Building CXX object CMakeFiles/cmTC_d4c8f.dir/CMakeCXXCompilerABI.cpp.o
/usr/bin/arm-none-eabi-g++   -v -o CMakeFiles/cmTC_d4c8f.dir/CMakeCXXCompilerABI.cpp.o -c /usr/share/cmake-3.22/Modules/CMakeCXXCompilerABI.cpp
Using built-in specs.
COLLECT_GCC=/usr/bin/arm-none-eabi-g++
Target: arm-none-eabi
Configured with: /mnt/workspace/workspace/GCC-10-pipeline/jenkins-GCC-10-pipeline-338_20211018_1634516203/src/gcc/configure --target=arm-none-eabi --prefix=/mnt/workspace/workspace/GCC-10-pipeline/jenkins-GCC-10-pipeline-338_20211018_1634516203/install-native --libexecdir=/mnt/workspace/workspace/GCC-10-pipeline/jenkins-GCC-10-pipeline-338_20211018_1634516203/install-native/lib --infodir=/mnt/workspace/workspace/GCC-10-pipeline/jenkins-GCC-10-pipeline-338_20211018_1634516203/install-native/share/doc/gcc-arm-none-eabi/info --mandir=/mnt/workspace/workspace/GCC-10-pipeline/jenkins-GCC-10-pipeline-338_20211018_1634516203/install-native/share/doc/gcc-arm-none-eabi/man --htmldir=/mnt/workspace/workspace/GCC-10-pipeline/jenkins-GCC-10-pipeline-338_20211018_1634516203/install-native/share/doc/gcc-arm-none-eabi/html --pdfdir=/mnt/workspace/workspace/GCC-10-pipeline/jenkins-GCC-10-pipeline-338_20211018_1634516203/install-native/share/doc/gcc-arm-none-eabi/pdf --enable-languages=c,c++ --enable-plugins --disable-decimal-float --disable-libffi --disable-libgomp --disable-libmudflap --disable-libquadmath --disable-libssp --disable-libstdcxx-pch --disable-nls --disable-shared --disable-threads --disable-tls --with-gnu-as --with-gnu-ld --with-newlib --with-headers=yes --with-python-dir=share/gcc-arm-none-eabi --with-sysroot=/mnt/workspace/workspace/GCC-10-pipeline/jenkins-GCC-10-pipeline-338_20211018_1634516203/install-native/arm-none-eabi --build=x86_64-linux-gnu --host=x86_64-linux-gnu --with-gmp=/mnt/workspace/workspace/GCC-10-pipeline/jenkins-GCC-10-pipeline-338_20211018_1634516203/build-native/host-libs/usr --with-mpfr=/mnt/workspace/workspace/GCC-10-pipeline/jenkins-GCC-10-pipeline-338_20211018_1634516203/build-native/host-libs/usr --with-mpc=/mnt/workspace/workspace/GCC-10-pipeline/jenkins-GCC-10-pipeline-338_20211018_1634516203/build-native/host-libs/usr --with-isl=/mnt/workspace/workspace/GCC-10-pipeline/jenkins-GCC-10-pipeline-338_20211018_1634516203/build-native/host-libs/usr --with-libelf=/mnt/workspace/workspace/GCC-10-pipeline/jenkins-GCC-10-pipeline-338_20211018_1634516203/build-native/host-libs/usr --with-host-libstdcxx='-static-libgcc -Wl,-Bstatic,-lstdc++,-Bdynamic -lm' --with-pkgversion='GNU Arm Embedded Toolchain 10.3-2021.10' --with-multilib-list=rmprofile,aprofile
Thread model: single
Supported LTO compression algorithms: zlib
gcc version 10.3.1 20210824 (release) (GNU Arm Embedded Toolchain 10.3-2021.10) 
COLLECT_GCC_OPTIONS='-v' '-o' 'CMakeFiles/cmTC_d4c8f.dir/CMakeCXXCompilerABI.cpp.o' '-c' '-mcpu=arm7tdmi' '-mfloat-abi=soft' '-marm' '-mlibarch=armv4t' '-march=armv4t'
 /usr/share/gcc-arm-none-eabi-10.3-2021.10/bin/../lib/gcc/arm-none-eabi/10.3.1/cc1plus -quiet -v -iprefix /usr/share/gcc-arm-none-eabi-10.3-2021.10/bin/../lib/gcc/arm-none-eabi/10.3.1/ -isysroot /usr/share/gcc-arm-none-eabi-10.3-2021.10/bin/../arm-none-eabi -D__USES_INITFINI__ /usr/share/cmake-3.22/Modules/CMakeCXXCompilerABI.cpp -quiet -dumpbase CMakeCXXCompilerABI.cpp -mcpu=arm7tdmi -mfloat-abi=soft -marm -mlibarch=armv4t -march=armv4t -auxbase-strip CMakeFiles/cmTC_d4c8f.dir/CMakeCXXCompilerABI.cpp.o -version -o /tmp/ccer7oDa.s
GNU C++14 (GNU Arm Embedded Toolchain 10.3-2021.10) version 10.3.1 20210824 (release) (arm-none-eabi)
	compiled by GNU C version 4.8.4, GMP version 6.1.0, MPFR version 3.1.4, MPC version 1.0.3, isl version isl-0.18-GMP

GGC heuristics: --param ggc-min-expand=100 --param ggc-min-heapsize=131072
ignoring duplicate directory "/usr/share/gcc-arm-none-eabi-10.3-2021.10/bin/../lib/gcc/../../lib/gcc/arm-none-eabi/10.3.1/../../../../arm-none-eabi/include/c++/10.3.1"
ignoring duplicate directory "/usr/share/gcc-arm-none-eabi-10.3-2021.10/bin/../lib/gcc/../../lib/gcc/arm-none-eabi/10.3.1/../../../../arm-none-eabi/include/c++/10.3.1/arm-none-eabi"
ignoring duplicate directory "/usr/share/gcc-arm-none-eabi-10.3-2021.10/bin/../lib/gcc/../../lib/gcc/arm-none-eabi/10.3.1/../../../../arm-none-eabi/include/c++/10.3.1/backward"
ignoring duplicate directory "/usr/share/gcc-arm-none-eabi-10.3-2021.10/bin/../lib/gcc/../../lib/gcc/arm-none-eabi/10.3.1/include"
ignoring nonexistent directory "/usr/share/gcc-arm-none-eabi-10.3-2021.10/bin/../arm-none-eabi/usr/local/include"
ignoring duplicate directory "/usr/share/gcc-arm-none-eabi-10.3-2021.10/bin/../lib/gcc/../../lib/gcc/arm-none-eabi/10.3.1/include-fixed"
ignoring duplicate directory "/usr/share/gcc-arm-none-eabi-10.3-2021.10/bin/../lib/gcc/../../lib/gcc/arm-none-eabi/10.3.1/../../../../arm-none-eabi/include"
ignoring nonexistent directory "/usr/share/gcc-arm-none-eabi-10.3-2021.10/bin/../arm-none-eabi/usr/include"
#include "..." search starts here:
#include <...> search starts here:
 /usr/share/gcc-arm-none-eabi-10.3-2021.10/bin/../lib/gcc/arm-none-eabi/10.3.1/../../../../arm-none-eabi/include/c++/10.3.1
 /usr/share/gcc-arm-none-eabi-10.3-2021.10/bin/../lib/gcc/arm-none-eabi/10.3.1/../../../../arm-none-eabi/include/c++/10.3.1/arm-none-eabi
 /usr/share/gcc-arm-none-eabi-10.3-2021.10/bin/../lib/gcc/arm-none-eabi/10.3.1/../../../../arm-none-eabi/include/c++/10.3.1/backward
 /usr/share/gcc-arm-none-eabi-10.3-2021.10/bin/../lib/gcc/arm-none-eabi/10.3.1/include
 /usr/share/gcc-arm-none-eabi-10.3-2021.10/bin/../lib/gcc/arm-none-eabi/10.3.1/include-fixed
 /usr/share/gcc-arm-none-eabi-10.3-2021.10/bin/../lib/gcc/arm-none-eabi/10.3.1/../../../../arm-none-eabi/include
End of search list.
GNU C++14 (GNU Arm Embedded Toolchain 10.3-2021.10) version 10.3.1 20210824 (release) (arm-none-eabi)
	compiled by GNU C version 4.8.4, GMP version 6.1.0, MPFR version 3.1.4, MPC version 1.0.3, isl version isl-0.18-GMP

GGC heuristics: --param ggc-min-expand=100 --param ggc-min-heapsize=131072
Compiler executable checksum: 62a2c0a0f0d30bb0bbe5c686601adbb0
COLLECT_GCC_OPTIONS='-v' '-o' 'CMakeFiles/cmTC_d4c8f.dir/CMakeCXXCompilerABI.cpp.o' '-c' '-mcpu=arm7tdmi' '-mfloat-abi=soft' '-marm' '-mlibarch=armv4t' '-march=armv4t'
 /usr/share/gcc-arm-none-eabi-10.3-2021.10/bin/../lib/gcc/arm-none-eabi/10.3.1/../../../../arm-none-eabi/bin/as -v -march=armv4t -mfloat-abi=soft -meabi=5 -o CMakeFiles/cmTC_d4c8f.dir/CMakeCXXCompilerABI.cpp.o /tmp/ccer7oDa.s
GNU assembler version 2.36.1 (arm-none-eabi) using BFD version (GNU Arm Embedded Toolchain 10.3-2021.10) 2.36.1.20210621
COMPILER_PATH=/usr/share/gcc-arm-none-eabi-10.3-2021.10/bin/../lib/gcc/arm-none-eabi/10.3.1/:/usr/share/gcc-arm-none-eabi-10.3-2021.10/bin/../lib/gcc/:/usr/share/gcc-arm-none-eabi-10.3-2021.10/bin/../lib/gcc/arm-none-eabi/10.3.1/../../../../arm-none-eabi/bin/
LIBRARY_PATH=/usr/share/gcc-arm-none-eabi-10.3-2021.10/bin/../lib/gcc/arm-none-eabi/10.3.1/:/usr/share/gcc-arm-none-eabi-10.3-2021.10/bin/../lib/gcc/:/usr/share/gcc-arm-none-eabi-10.3-2021.10/bin/../lib/gcc/arm-none-eabi/10.3.1/../../../../arm-none-eabi/lib/:/usr/share/gcc-arm-none-eabi-10.3-2021.10/bin/../arm-none-eabi/lib/
COLLECT_GCC_OPTIONS='-v' '-o' 'CMakeFiles/cmTC_d4c8f.dir/CMakeCXXCompilerABI.cpp.o' '-c' '-mcpu=arm7tdmi' '-mfloat-abi=soft' '-marm' '-mlibarch=armv4t' '-march=armv4t'
Linking CXX executable cmTC_d4c8f
/usr/bin/cmake -E cmake_link_script CMakeFiles/cmTC_d4c8f.dir/link.txt --verbose=1
/usr/bin/arm-none-eabi-g++  -v CMakeFiles/cmTC_d4c8f.dir/CMakeCXXCompilerABI.cpp.o -o cmTC_d4c8f 
Using built-in specs.
COLLECT_GCC=/usr/bin/arm-none-eabi-g++
COLLECT_LTO_WRAPPER=/usr/share/gcc-arm-none-eabi-10.3-2021.10/bin/../lib/gcc/arm-none-eabi/10.3.1/lto-wrapper
Target: arm-none-eabi
Configured with: /mnt/workspace/workspace/GCC-10-pipeline/jenkins-GCC-10-pipeline-338_20211018_1634516203/src/gcc/configure --target=arm-none-eabi --prefix=/mnt/workspace/workspace/GCC-10-pipeline/jenkins-GCC-10-pipeline-338_20211018_1634516203/install-native --libexecdir=/mnt/workspace/workspace/GCC-10-pipeline/jenkins-GCC-10-pipeline-338_20211018_1634516203/install-native/lib --infodir=/mnt/workspace/workspace/GCC-10-pipeline/jenkins-GCC-10-pipeline-338_20211018_1634516203/install-native/share/doc/gcc-arm-none-eabi/info --mandir=/mnt/workspace/workspace/GCC-10-pipeline/jenkins-GCC-10-pipeline-338_20211018_1634516203/install-native/share/doc/gcc-arm-none-eabi/man --htmldir=/mnt/workspace/workspace/GCC-10-pipeline/jenkins-GCC-10-pipeline-338_20211018_1634516203/install-native/share/doc/gcc-arm-none-eabi/html --pdfdir=/mnt/workspace/workspace/GCC-10-pipeline/jenkins-GCC-10-pipeline-338_20211018_1634516203/install-native/share/doc/gcc-arm-none-eabi/pdf --enable-languages=c,c++ --enable-plugins --disable-decimal-float --disable-libffi --disable-libgomp --disable-libmudflap --disable-libquadmath --disable-libssp --disable-libstdcxx-pch --disable-nls --disable-shared --disable-threads --disable-tls --with-gnu-as --with-gnu-ld --with-newlib --with-headers=yes --with-python-dir=share/gcc-arm-none-eabi --with-sysroot=/mnt/workspace/workspace/GCC-10-pipeline/jenkins-GCC-10-pipeline-338_20211018_1634516203/install-native/arm-none-eabi --build=x86_64-linux-gnu --host=x86_64-linux-gnu --with-gmp=/mnt/workspace/workspace/GCC-10-pipeline/jenkins-GCC-10-pipeline-338_20211018_1634516203/build-native/host-libs/usr --with-mpfr=/mnt/workspace/workspace/GCC-10-pipeline/jenkins-GCC-10-pipeline-338_20211018_1634516203/build-native/host-libs/usr --with-mpc=/mnt/workspace/workspace/GCC-10-pipeline/jenkins-GCC-10-pipeline-338_20211018_1634516203/build-native/host-libs/usr --with-isl=/mnt/workspace/workspace/GCC-10-pipeline/jenkins-GCC-10-pipeline-338_20211018_1634516203/build-native/host-libs/usr --with-libelf=/mnt/workspace/workspace/GCC-10-pipeline/jenkins-GCC-10-pipeline-338_20211018_1634516203/build-native/host-libs/usr --with-host-libstdcxx='-static-libgcc -Wl,-Bstatic,-lstdc++,-Bdynamic -lm' --with-pkgversion='GNU Arm Embedded Toolchain 10.3-2021.10' --with-multilib-list=rmprofile,aprofile
Thread model: single
Supported LTO compression algorithms: zlib
gcc version 10.3.1 20210824 (release) (GNU Arm Embedded Toolchain 10.3-2021.10) 
COMPILER_PATH=/usr/share/gcc-arm-none-eabi-10.3-2021.10/bin/../lib/gcc/arm-none-eabi/10.3.1/:/usr/share/gcc-arm-none-eabi-10.3-2021.10/bin/../lib/gcc/:/usr/share/gcc-arm-none-eabi-10.3-2021.10/bin/../lib/gcc/arm-none-eabi/10.3.1/../../../../arm-none-eabi/bin/
LIBRARY_PATH=/usr/share/gcc-arm-none-eabi-10.3-2021.10/bin/../lib/gcc/arm-none-eabi/10.3.1/:/usr/share/gcc-arm-none-eabi-10.3-2021.10/bin/../lib/gcc/:/usr/share/gcc-arm-none-eabi-10.3-2021.10/bin/../lib/gcc/arm-none-eabi/10.3.1/../../../../arm-none-eabi/lib/:/usr/share/gcc-arm-none-eabi-10.3-2021.10/bin/../arm-none-eabi/lib/
COLLECT_GCC_OPTIONS='-v' '-o' 'cmTC_d4c8f' '-mcpu=arm7tdmi' '-mfloat-abi=soft' '-marm' '-mlibarch=armv4t' '-march=armv4t'
 /usr/share/gcc-arm-none-eabi-10.3-2021.10/bin/../lib/gcc/arm-none-eabi/10.3.1/collect2 -plugin /usr/share/gcc-arm-none-eabi-10.3-2021.10/bin/../lib/gcc/arm-none-eabi/10.3.1/liblto_plugin.so -plugin-opt=/usr/share/gcc-arm-none-eabi-10.3-2021.10/bin/../lib/gcc/arm-none-eabi/10.3.1/lto-wrapper -plugin-opt=-fresolution=/tmp/ccoYt398.res -plugin-opt=-pass-through=-lgcc -plugin-opt=-pass-through=-lc --sysroot=/usr/share/gcc-arm-none-eabi-10.3-2021.10/bin/../arm-none-eabi -X -o cmTC_d4c8f /usr/share/gcc-arm-none-eabi-10.3-2021.10/bin/../lib/gcc/arm-none-eabi/10.3.1/crti.o /usr/share/gcc-arm-none-eabi-10.3-2021.10/bin/../lib/gcc/arm-none-eabi/10.3.1/crtbegin.o /usr/share/gcc-arm-none-eabi-10.3-2021.10/bin/../lib/gcc/arm-none-eabi/10.3.1/../../../../arm-none-eabi/lib/crt0.o -L/usr/share/gcc-arm-none-eabi-10.3-2021.10/bin/../lib/gcc/arm-none-eabi/10.3.1 -L/usr/share/gcc-arm-none-eabi-10.3-2021.10/bin/../lib/gcc -L/usr/share/gcc-arm-none-eabi-10.3-2021.10/bin/../lib/gcc/arm-none-eabi/10.3.1/../../../../arm-none-eabi/lib -L/usr/share/gcc-arm-none-eabi-10.3-2021.10/bin/../arm-none-eabi/lib CMakeFiles/cmTC_d4c8f.dir/CMakeCXXCompilerABI.cpp.o -lstdc++ -lm --start-group -lgcc -lc --end-group /usr/share/gcc-arm-none-eabi-10.3-2021.10/bin/../lib/gcc/arm-none-eabi/10.3.1/crtend.o /usr/share/gcc-arm-none-eabi-10.3-2021.10/bin/../lib/gcc/arm-none-eabi/10.3.1/crtn.o
/usr/share/gcc-arm-none-eabi-10.3-2021.10/bin/../lib/gcc/arm-none-eabi/10.3.1/../../../../arm-none-eabi/bin/ld: /usr/share/gcc-arm-none-eabi-10.3-2021.10/bin/../lib/gcc/arm-none-eabi/10.3.1/../../../../arm-none-eabi/lib/libc.a(lib_a-exit.o): in function `exit':
exit.c:(.text.exit+0x2c): undefined reference to `_exit'
collect2: error: ld returned 1 exit status
gmake[1]: *** [CMakeFiles/cmTC_d4c8f.dir/build.make:99: cmTC_d4c8f] Error 1
gmake[1]: Leaving directory '/home/sven/github/QWave/build/CMakeFiles/CMakeTmp'
gmake: *** [Makefile:127: cmTC_d4c8f/fast] Error 2




Determining if the CXX compiler works failed with the following output:
Change Dir: /home/sven/github/QWave/build/CMakeFiles/CMakeTmp

Run Build Command(s):/usr/bin/gmake -f Makefile cmTC_bbe8c/fast && /usr/bin/gmake  -f CMakeFiles/cmTC_bbe8c.dir/build.make CMakeFiles/cmTC_bbe8c.dir/build
gmake[1]: Verzeichnis „/home/sven/github/QWave/build/CMakeFiles/CMakeTmp“ wird betreten
Building CXX object CMakeFiles/cmTC_bbe8c.dir/testCXXCompiler.cxx.o
/usr/bin/arm-none-eabi-g++    -o CMakeFiles/cmTC_bbe8c.dir/testCXXCompiler.cxx.o -c /home/sven/github/QWave/build/CMakeFiles/CMakeTmp/testCXXCompiler.cxx
Linking CXX executable cmTC_bbe8c
/usr/bin/cmake -E cmake_link_script CMakeFiles/cmTC_bbe8c.dir/link.txt --verbose=1
/usr/bin/arm-none-eabi-g++ CMakeFiles/cmTC_bbe8c.dir/testCXXCompiler.cxx.o -o cmTC_bbe8c 
/usr/share/gcc-arm-none-eabi-10.3-2021.10/bin/../lib/gcc/arm-none-eabi/10.3.1/../../../../arm-none-eabi/bin/ld: /usr/share/gcc-arm-none-eabi-10.3-2021.10/bin/../lib/gcc/arm-none-eabi/10.3.1/../../../../arm-none-eabi/lib/libc.a(lib_a-exit.o): in function `exit':
exit.c:(.text.exit+0x2c): undefined reference to `_exit'
collect2: error: ld returned 1 exit status
gmake[1]: *** [CMakeFiles/cmTC_bbe8c.dir/build.make:99: cmTC_bbe8c] Fehler 1
gmake[1]: Verzeichnis „/home/sven/github/QWave/build/CMakeFiles/CMakeTmp“ wird verlassen
gmake: *** [Makefile:127: cmTC_bbe8c/fast] Fehler 2



Compiling the CXX compiler identification source file "CMakeCXXCompilerId.cpp" failed.
Compiler: /usr/bin/arm-none-eabi-g++ 
Build flags: 
Id flags:  

The output was:
1
/usr/share/gcc-arm-none-eabi-10.3-2021.10/bin/../lib/gcc/arm-none-eabi/10.3.1/../../../../arm-none-eabi/bin/ld: /usr/share/gcc-arm-none-eabi-10.3-2021.10/bin/../lib/gcc/arm-none-eabi/10.3.1/../../../../arm-none-eabi/lib/libc.a(lib_a-exit.o): in function `exit':
exit.c:(.text.exit+0x2c): undefined reference to `_exit'
collect2: error: ld returned 1 exit status


Detecting CXX compiler ABI info failed to compile with the following output:
Change Dir: /home/sven/github/QWave/build/CMakeFiles/CMakeTmp

Run Build Command(s):/usr/bin/gmake -f Makefile cmTC_e0774/fast && /usr/bin/gmake  -f CMakeFiles/cmTC_e0774.dir/build.make CMakeFiles/cmTC_e0774.dir/build
gmake[1]: Entering directory '/home/sven/github/QWave/build/CMakeFiles/CMakeTmp'
Building CXX object CMakeFiles/cmTC_e0774.dir/CMakeCXXCompilerABI.cpp.o
/usr/bin/arm-none-eabi-g++   -v -o CMakeFiles/cmTC_e0774.dir/CMakeCXXCompilerABI.cpp.o -c /usr/share/cmake-3.22/Modules/CMakeCXXCompilerABI.cpp
Using built-in specs.
COLLECT_GCC=/usr/bin/arm-none-eabi-g++
Target: arm-none-eabi
Configured with: /mnt/workspace/workspace/GCC-10-pipeline/jenkins-GCC-10-pipeline-338_20211018_1634516203/src/gcc/configure --target=arm-none-eabi --prefix=/mnt/workspace/workspace/GCC-10-pipeline/jenkins-GCC-10-pipeline-338_20211018_1634516203/install-native --libexecdir=/mnt/workspace/workspace/GCC-10-pipeline/jenkins-GCC-10-pipeline-338_20211018_1634516203/install-native/lib --infodir=/mnt/workspace/workspace/GCC-10-pipeline/jenkins-GCC-10-pipeline-338_20211018_1634516203/install-native/share/doc/gcc-arm-none-eabi/info --mandir=/mnt/workspace/workspace/GCC-10-pipeline/jenkins-GCC-10-pipeline-338_20211018_1634516203/install-native/share/doc/gcc-arm-none-eabi/man --htmldir=/mnt/workspace/workspace/GCC-10-pipeline/jenkins-GCC-10-pipeline-338_20211018_1634516203/install-native/share/doc/gcc-arm-none-eabi/html --pdfdir=/mnt/workspace/workspace/GCC-10-pipeline/jenkins-GCC-10-pipeline-338_20211018_1634516203/install-native/share/doc/gcc-arm-none-eabi/pdf --enable-languages=c,c++ --enable-plugins --disable-decimal-float --disable-libffi --disable-libgomp --disable-libmudflap --disable-libquadmath --disable-libssp --disable-libstdcxx-pch --disable-nls --disable-shared --disable-threads --disable-tls --with-gnu-as --with-gnu-ld --with-newlib --with-headers=yes --with-python-dir=share/gcc-arm-none-eabi --with-sysroot=/mnt/workspace/workspace/GCC-10-pipeline/jenkins-GCC-10-pipeline-338_20211018_1634516203/install-native/arm-none-eabi --build=x86_64-linux-gnu --host=x86_64-linux-gnu --with-gmp=/mnt/workspace/workspace/GCC-10-pipeline/jenkins-GCC-10-pipeline-338_20211018_1634516203/build-native/host-libs/usr --with-mpfr=/mnt/workspace/workspace/GCC-10-pipeline/jenkins-GCC-10-pipeline-338_20211018_1634516203/build-native/host-libs/usr --with-mpc=/mnt/workspace/workspace/GCC-10-pipeline/jenkins-GCC-10-pipeline-338_20211018_1634516203/build-native/host-libs/usr --with-isl=/mnt/workspace/workspace/GCC-10-pipeline/jenkins-GCC-10-pipeline-338_20211018_1634516203/build-native/host-libs/usr --with-libelf=/mnt/workspace/workspace/GCC-10-pipeline/jenkins-GCC-10-pipeline-338_20211018_1634516203/build-native/host-libs/usr --with-host-libstdcxx='-static-libgcc -Wl,-Bstatic,-lstdc++,-Bdynamic -lm' --with-pkgversion='GNU Arm Embedded Toolchain 10.3-2021.10' --with-multilib-list=rmprofile,aprofile
Thread model: single
Supported LTO compression algorithms: zlib
gcc version 10.3.1 20210824 (release) (GNU Arm Embedded Toolchain 10.3-2021.10) 
COLLECT_GCC_OPTIONS='-v' '-o' 'CMakeFiles/cmTC_e0774.dir/CMakeCXXCompilerABI.cpp.o' '-c' '-mcpu=arm7tdmi' '-mfloat-abi=soft' '-marm' '-mlibarch=armv4t' '-march=armv4t'
 /usr/share/gcc-arm-none-eabi-10.3-2021.10/bin/../lib/gcc/arm-none-eabi/10.3.1/cc1plus -quiet -v -iprefix /usr/share/gcc-arm-none-eabi-10.3-2021.10/bin/../lib/gcc/arm-none-eabi/10.3.1/ -isysroot /usr/share/gcc-arm-none-eabi-10.3-2021.10/bin/../arm-none-eabi -D__USES_INITFINI__ /usr/share/cmake-3.22/Modules/CMakeCXXCompilerABI.cpp -quiet -dumpbase CMakeCXXCompilerABI.cpp -mcpu=arm7tdmi -mfloat-abi=soft -marm -mlibarch=armv4t -march=armv4t -auxbase-strip CMakeFiles/cmTC_e0774.dir/CMakeCXXCompilerABI.cpp.o -version -o /tmp/ccQvFf2b.s
GNU C++14 (GNU Arm Embedded Toolchain 10.3-2021.10) version 10.3.1 20210824 (release) (arm-none-eabi)
	compiled by GNU C version 4.8.4, GMP version 6.1.0, MPFR version 3.1.4, MPC version 1.0.3, isl version isl-0.18-GMP

GGC heuristics: --param ggc-min-expand=100 --param ggc-min-heapsize=131072
ignoring duplicate directory "/usr/share/gcc-arm-none-eabi-10.3-2021.10/bin/../lib/gcc/../../lib/gcc/arm-none-eabi/10.3.1/../../../../arm-none-eabi/include/c++/10.3.1"
ignoring duplicate directory "/usr/share/gcc-arm-none-eabi-10.3-2021.10/bin/../lib/gcc/../../lib/gcc/arm-none-eabi/10.3.1/../../../../arm-none-eabi/include/c++/10.3.1/arm-none-eabi"
ignoring duplicate directory "/usr/share/gcc-arm-none-eabi-10.3-2021.10/bin/../lib/gcc/../../lib/gcc/arm-none-eabi/10.3.1/../../../../arm-none-eabi/include/c++/10.3.1/backward"
ignoring duplicate directory "/usr/share/gcc-arm-none-eabi-10.3-2021.10/bin/../lib/gcc/../../lib/gcc/arm-none-eabi/10.3.1/include"
ignoring nonexistent directory "/usr/share/gcc-arm-none-eabi-10.3-2021.10/bin/../arm-none-eabi/usr/local/include"
ignoring duplicate directory "/usr/share/gcc-arm-none-eabi-10.3-2021.10/bin/../lib/gcc/../../lib/gcc/arm-none-eabi/10.3.1/include-fixed"
ignoring duplicate directory "/usr/share/gcc-arm-none-eabi-10.3-2021.10/bin/../lib/gcc/../../lib/gcc/arm-none-eabi/10.3.1/../../../../arm-none-eabi/include"
ignoring nonexistent directory "/usr/share/gcc-arm-none-eabi-10.3-2021.10/bin/../arm-none-eabi/usr/include"
#include "..." search starts here:
#include <...> search starts here:
 /usr/share/gcc-arm-none-eabi-10.3-2021.10/bin/../lib/gcc/arm-none-eabi/10.3.1/../../../../arm-none-eabi/include/c++/10.3.1
 /usr/share/gcc-arm-none-eabi-10.3-2021.10/bin/../lib/gcc/arm-none-eabi/10.3.1/../../../../arm-none-eabi/include/c++/10.3.1/arm-none-eabi
 /usr/share/gcc-arm-none-eabi-10.3-2021.10/bin/../lib/gcc/arm-none-eabi/10.3.1/../../../../arm-none-eabi/include/c++/10.3.1/backward
 /usr/share/gcc-arm-none-eabi-10.3-2021.10/bin/../lib/gcc/arm-none-eabi/10.3.1/include
 /usr/share/gcc-arm-none-eabi-10.3-2021.10/bin/../lib/gcc/arm-none-eabi/10.3.1/include-fixed
 /usr/share/gcc-arm-none-eabi-10.3-2021.10/bin/../lib/gcc/arm-none-eabi/10.3.1/../../../../arm-none-eabi/include
End of search list.
GNU C++14 (GNU Arm Embedded Toolchain 10.3-2021.10) version 10.3.1 20210824 (release) (arm-none-eabi)
	compiled by GNU C version 4.8.4, GMP version 6.1.0, MPFR version 3.1.4, MPC version 1.0.3, isl version isl-0.18-GMP

GGC heuristics: --param ggc-min-expand=100 --param ggc-min-heapsize=131072
Compiler executable checksum: 62a2c0a0f0d30bb0bbe5c686601adbb0
COLLECT_GCC_OPTIONS='-v' '-o' 'CMakeFiles/cmTC_e0774.dir/CMakeCXXCompilerABI.cpp.o' '-c' '-mcpu=arm7tdmi' '-mfloat-abi=soft' '-marm' '-mlibarch=armv4t' '-march=armv4t'
 /usr/share/gcc-arm-none-eabi-10.3-2021.10/bin/../lib/gcc/arm-none-eabi/10.3.1/../../../../arm-none-eabi/bin/as -v -march=armv4t -mfloat-abi=soft -meabi=5 -o CMakeFiles/cmTC_e0774.dir/CMakeCXXCompilerABI.cpp.o /tmp/ccQvFf2b.s
GNU assembler version 2.36.1 (arm-none-eabi) using BFD version (GNU Arm Embedded Toolchain 10.3-2021.10) 2.36.1.20210621
COMPILER_PATH=/usr/share/gcc-arm-none-eabi-10.3-2021.10/bin/../lib/gcc/arm-none-eabi/10.3.1/:/usr/share/gcc-arm-none-eabi-10.3-2021.10/bin/../lib/gcc/:/usr/share/gcc-arm-none-eabi-10.3-2021.10/bin/../lib/gcc/arm-none-eabi/10.3.1/../../../../arm-none-eabi/bin/
LIBRARY_PATH=/usr/share/gcc-arm-none-eabi-10.3-2021.10/bin/../lib/gcc/arm-none-eabi/10.3.1/:/usr/share/gcc-arm-none-eabi-10.3-2021.10/bin/../lib/gcc/:/usr/share/gcc-arm-none-eabi-10.3-2021.10/bin/../lib/gcc/arm-none-eabi/10.3.1/../../../../arm-none-eabi/lib/:/usr/share/gcc-arm-none-eabi-10.3-2021.10/bin/../arm-none-eabi/lib/
COLLECT_GCC_OPTIONS='-v' '-o' 'CMakeFiles/cmTC_e0774.dir/CMakeCXXCompilerABI.cpp.o' '-c' '-mcpu=arm7tdmi' '-mfloat-abi=soft' '-marm' '-mlibarch=armv4t' '-march=armv4t'
Linking CXX executable cmTC_e0774
/usr/bin/cmake -E cmake_link_script CMakeFiles/cmTC_e0774.dir/link.txt --verbose=1
/usr/bin/arm-none-eabi-g++  -v CMakeFiles/cmTC_e0774.dir/CMakeCXXCompilerABI.cpp.o -o cmTC_e0774 
Using built-in specs.
COLLECT_GCC=/usr/bin/arm-none-eabi-g++
COLLECT_LTO_WRAPPER=/usr/share/gcc-arm-none-eabi-10.3-2021.10/bin/../lib/gcc/arm-none-eabi/10.3.1/lto-wrapper
Target: arm-none-eabi
Configured with: /mnt/workspace/workspace/GCC-10-pipeline/jenkins-GCC-10-pipeline-338_20211018_1634516203/src/gcc/configure --target=arm-none-eabi --prefix=/mnt/workspace/workspace/GCC-10-pipeline/jenkins-GCC-10-pipeline-338_20211018_1634516203/install-native --libexecdir=/mnt/workspace/workspace/GCC-10-pipeline/jenkins-GCC-10-pipeline-338_20211018_1634516203/install-native/lib --infodir=/mnt/workspace/workspace/GCC-10-pipeline/jenkins-GCC-10-pipeline-338_20211018_1634516203/install-native/share/doc/gcc-arm-none-eabi/info --mandir=/mnt/workspace/workspace/GCC-10-pipeline/jenkins-GCC-10-pipeline-338_20211018_1634516203/install-native/share/doc/gcc-arm-none-eabi/man --htmldir=/mnt/workspace/workspace/GCC-10-pipeline/jenkins-GCC-10-pipeline-338_20211018_1634516203/install-native/share/doc/gcc-arm-none-eabi/html --pdfdir=/mnt/workspace/workspace/GCC-10-pipeline/jenkins-GCC-10-pipeline-338_20211018_1634516203/install-native/share/doc/gcc-arm-none-eabi/pdf --enable-languages=c,c++ --enable-plugins --disable-decimal-float --disable-libffi --disable-libgomp --disable-libmudflap --disable-libquadmath --disable-libssp --disable-libstdcxx-pch --disable-nls --disable-shared --disable-threads --disable-tls --with-gnu-as --with-gnu-ld --with-newlib --with-headers=yes --with-python-dir=share/gcc-arm-none-eabi --with-sysroot=/mnt/workspace/workspace/GCC-10-pipeline/jenkins-GCC-10-pipeline-338_20211018_1634516203/install-native/arm-none-eabi --build=x86_64-linux-gnu --host=x86_64-linux-gnu --with-gmp=/mnt/workspace/workspace/GCC-10-pipeline/jenkins-GCC-10-pipeline-338_20211018_1634516203/build-native/host-libs/usr --with-mpfr=/mnt/workspace/workspace/GCC-10-pipeline/jenkins-GCC-10-pipeline-338_20211018_1634516203/build-native/host-libs/usr --with-mpc=/mnt/workspace/workspace/GCC-10-pipeline/jenkins-GCC-10-pipeline-338_20211018_1634516203/build-native/host-libs/usr --with-isl=/mnt/workspace/workspace/GCC-10-pipeline/jenkins-GCC-10-pipeline-338_20211018_1634516203/build-native/host-libs/usr --with-libelf=/mnt/workspace/workspace/GCC-10-pipeline/jenkins-GCC-10-pipeline-338_20211018_1634516203/build-native/host-libs/usr --with-host-libstdcxx='-static-libgcc -Wl,-Bstatic,-lstdc++,-Bdynamic -lm' --with-pkgversion='GNU Arm Embedded Toolchain 10.3-2021.10' --with-multilib-list=rmprofile,aprofile
Thread model: single
Supported LTO compression algorithms: zlib
gcc version 10.3.1 20210824 (release) (GNU Arm Embedded Toolchain 10.3-2021.10) 
COMPILER_PATH=/usr/share/gcc-arm-none-eabi-10.3-2021.10/bin/../lib/gcc/arm-none-eabi/10.3.1/:/usr/share/gcc-arm-none-eabi-10.3-2021.10/bin/../lib/gcc/:/usr/share/gcc-arm-none-eabi-10.3-2021.10/bin/../lib/gcc/arm-none-eabi/10.3.1/../../../../arm-none-eabi/bin/
LIBRARY_PATH=/usr/share/gcc-arm-none-eabi-10.3-2021.10/bin/../lib/gcc/arm-none-eabi/10.3.1/:/usr/share/gcc-arm-none-eabi-10.3-2021.10/bin/../lib/gcc/:/usr/share/gcc-arm-none-eabi-10.3-2021.10/bin/../lib/gcc/arm-none-eabi/10.3.1/../../../../arm-none-eabi/lib/:/usr/share/gcc-arm-none-eabi-10.3-2021.10/bin/../arm-none-eabi/lib/
COLLECT_GCC_OPTIONS='-v' '-o' 'cmTC_e0774' '-mcpu=arm7tdmi' '-mfloat-abi=soft' '-marm' '-mlibarch=armv4t' '-march=armv4t'
 /usr/share/gcc-arm-none-eabi-10.3-2021.10/bin/../lib/gcc/arm-none-eabi/10.3.1/collect2 -plugin /usr/share/gcc-arm-none-eabi-10.3-2021.10/bin/../lib/gcc/arm-none-eabi/10.3.1/liblto_plugin.so -plugin-opt=/usr/share/gcc-arm-none-eabi-10.3-2021.10/bin/../lib/gcc/arm-none-eabi/10.3.1/lto-wrapper -plugin-opt=-fresolution=/tmp/ccIhv1eq.res -plugin-opt=-pass-through=-lgcc -plugin-opt=-pass-through=-lc --sysroot=/usr/share/gcc-arm-none-eabi-10.3-2021.10/bin/../arm-none-eabi -X -o cmTC_e0774 /usr/share/gcc-arm-none-eabi-10.3-2021.10/bin/../lib/gcc/arm-none-eabi/10.3.1/crti.o /usr/share/gcc-arm-none-eabi-10.3-2021.10/bin/../lib/gcc/arm-none-eabi/10.3.1/crtbegin.o /usr/share/gcc-arm-none-eabi-10.3-2021.10/bin/../lib/gcc/arm-none-eabi/10.3.1/../../../../arm-none-eabi/lib/crt0.o -L/usr/share/gcc-arm-none-eabi-10.3-2021.10/bin/../lib/gcc/arm-none-eabi/10.3.1 -L/usr/share/gcc-arm-none-eabi-10.3-2021.10/bin/../lib/gcc -L/usr/share/gcc-arm-none-eabi-10.3-2021.10/bin/../lib/gcc/arm-none-eabi/10.3.1/../../../../arm-none-eabi/lib -L/usr/share/gcc-arm-none-eabi-10.3-2021.10/bin/../arm-none-eabi/lib CMakeFiles/cmTC_e0774.dir/CMakeCXXCompilerABI.cpp.o -lstdc++ -lm --start-group -lgcc -lc --end-group /usr/share/gcc-arm-none-eabi-10.3-2021.10/bin/../lib/gcc/arm-none-eabi/10.3.1/crtend.o /usr/share/gcc-arm-none-eabi-10.3-2021.10/bin/../lib/gcc/arm-none-eabi/10.3.1/crtn.o
/usr/share/gcc-arm-none-eabi-10.3-2021.10/bin/../lib/gcc/arm-none-eabi/10.3.1/../../../../arm-none-eabi/bin/ld: /usr/share/gcc-arm-none-eabi-10.3-2021.10/bin/../lib/gcc/arm-none-eabi/10.3.1/../../../../arm-none-eabi/lib/libc.a(lib_a-exit.o): in function `exit':
exit.c:(.text.exit+0x2c): undefined reference to `_exit'
collect2: error: ld returned 1 exit status
gmake[1]: *** [CMakeFiles/cmTC_e0774.dir/build.make:99: cmTC_e0774] Error 1
gmake[1]: Leaving directory '/home/sven/github/QWave/build/CMakeFiles/CMakeTmp'
gmake: *** [Makefile:127: cmTC_e0774/fast] Error 2




Determining if the CXX compiler works failed with the following output:
Change Dir: /home/sven/github/QWave/build/CMakeFiles/CMakeTmp

Run Build Command(s):/usr/bin/gmake -f Makefile cmTC_bf236/fast && /usr/bin/gmake  -f CMakeFiles/cmTC_bf236.dir/build.make CMakeFiles/cmTC_bf236.dir/build
gmake[1]: Verzeichnis „/home/sven/github/QWave/build/CMakeFiles/CMakeTmp“ wird betreten
Building CXX object CMakeFiles/cmTC_bf236.dir/testCXXCompiler.cxx.o
/usr/bin/arm-none-eabi-g++    -o CMakeFiles/cmTC_bf236.dir/testCXXCompiler.cxx.o -c /home/sven/github/QWave/build/CMakeFiles/CMakeTmp/testCXXCompiler.cxx
Linking CXX executable cmTC_bf236
/usr/bin/cmake -E cmake_link_script CMakeFiles/cmTC_bf236.dir/link.txt --verbose=1
/usr/bin/arm-none-eabi-g++ CMakeFiles/cmTC_bf236.dir/testCXXCompiler.cxx.o -o cmTC_bf236 
/usr/share/gcc-arm-none-eabi-10.3-2021.10/bin/../lib/gcc/arm-none-eabi/10.3.1/../../../../arm-none-eabi/bin/ld: /usr/share/gcc-arm-none-eabi-10.3-2021.10/bin/../lib/gcc/arm-none-eabi/10.3.1/../../../../arm-none-eabi/lib/libc.a(lib_a-exit.o): in function `exit':
exit.c:(.text.exit+0x2c): undefined reference to `_exit'
collect2: error: ld returned 1 exit status
gmake[1]: *** [CMakeFiles/cmTC_bf236.dir/build.make:99: cmTC_bf236] Fehler 1
gmake[1]: Verzeichnis „/home/sven/github/QWave/build/CMakeFiles/CMakeTmp“ wird verlassen
gmake: *** [Makefile:127: cmTC_bf236/fast] Fehler 2



Compiling the CXX compiler identification source file "CMakeCXXCompilerId.cpp" failed.
Compiler: /usr/bin/arm-none-eabi-g++ 
Build flags: 
Id flags:  

The output was:
1
/usr/share/gcc-arm-none-eabi-10.3-2021.10/bin/../lib/gcc/arm-none-eabi/10.3.1/../../../../arm-none-eabi/bin/ld: /usr/share/gcc-arm-none-eabi-10.3-2021.10/bin/../lib/gcc/arm-none-eabi/10.3.1/../../../../arm-none-eabi/lib/libc.a(lib_a-exit.o): in function `exit':
exit.c:(.text.exit+0x2c): undefined reference to `_exit'
collect2: error: ld returned 1 exit status


Detecting CXX compiler ABI info failed to compile with the following output:
Change Dir: /home/sven/github/QWave/build/CMakeFiles/CMakeTmp

Run Build Command(s):/usr/bin/gmake -f Makefile cmTC_46370/fast && /usr/bin/gmake  -f CMakeFiles/cmTC_46370.dir/build.make CMakeFiles/cmTC_46370.dir/build
gmake[1]: Entering directory '/home/sven/github/QWave/build/CMakeFiles/CMakeTmp'
Building CXX object CMakeFiles/cmTC_46370.dir/CMakeCXXCompilerABI.cpp.o
/usr/bin/arm-none-eabi-g++   -v -o CMakeFiles/cmTC_46370.dir/CMakeCXXCompilerABI.cpp.o -c /usr/share/cmake-3.22/Modules/CMakeCXXCompilerABI.cpp
Using built-in specs.
COLLECT_GCC=/usr/bin/arm-none-eabi-g++
Target: arm-none-eabi
Configured with: /mnt/workspace/workspace/GCC-10-pipeline/jenkins-GCC-10-pipeline-338_20211018_1634516203/src/gcc/configure --target=arm-none-eabi --prefix=/mnt/workspace/workspace/GCC-10-pipeline/jenkins-GCC-10-pipeline-338_20211018_1634516203/install-native --libexecdir=/mnt/workspace/workspace/GCC-10-pipeline/jenkins-GCC-10-pipeline-338_20211018_1634516203/install-native/lib --infodir=/mnt/workspace/workspace/GCC-10-pipeline/jenkins-GCC-10-pipeline-338_20211018_1634516203/install-native/share/doc/gcc-arm-none-eabi/info --mandir=/mnt/workspace/workspace/GCC-10-pipeline/jenkins-GCC-10-pipeline-338_20211018_1634516203/install-native/share/doc/gcc-arm-none-eabi/man --htmldir=/mnt/workspace/workspace/GCC-10-pipeline/jenkins-GCC-10-pipeline-338_20211018_1634516203/install-native/share/doc/gcc-arm-none-eabi/html --pdfdir=/mnt/workspace/workspace/GCC-10-pipeline/jenkins-GCC-10-pipeline-338_20211018_1634516203/install-native/share/doc/gcc-arm-none-eabi/pdf --enable-languages=c,c++ --enable-plugins --disable-decimal-float --disable-libffi --disable-libgomp --disable-libmudflap --disable-libquadmath --disable-libssp --disable-libstdcxx-pch --disable-nls --disable-shared --disable-threads --disable-tls --with-gnu-as --with-gnu-ld --with-newlib --with-headers=yes --with-python-dir=share/gcc-arm-none-eabi --with-sysroot=/mnt/workspace/workspace/GCC-10-pipeline/jenkins-GCC-10-pipeline-338_20211018_1634516203/install-native/arm-none-eabi --build=x86_64-linux-gnu --host=x86_64-linux-gnu --with-gmp=/mnt/workspace/workspace/GCC-10-pipeline/jenkins-GCC-10-pipeline-338_20211018_1634516203/build-native/host-libs/usr --with-mpfr=/mnt/workspace/workspace/GCC-10-pipeline/jenkins-GCC-10-pipeline-338_20211018_1634516203/build-native/host-libs/usr --with-mpc=/mnt/workspace/workspace/GCC-10-pipeline/jenkins-GCC-10-pipeline-338_20211018_1634516203/build-native/host-libs/usr --with-isl=/mnt/workspace/workspace/GCC-10-pipeline/jenkins-GCC-10-pipeline-338_20211018_1634516203/build-native/host-libs/usr --with-libelf=/mnt/workspace/workspace/GCC-10-pipeline/jenkins-GCC-10-pipeline-338_20211018_1634516203/build-native/host-libs/usr --with-host-libstdcxx='-static-libgcc -Wl,-Bstatic,-lstdc++,-Bdynamic -lm' --with-pkgversion='GNU Arm Embedded Toolchain 10.3-2021.10' --with-multilib-list=rmprofile,aprofile
Thread model: single
Supported LTO compression algorithms: zlib
gcc version 10.3.1 20210824 (release) (GNU Arm Embedded Toolchain 10.3-2021.10) 
COLLECT_GCC_OPTIONS='-v' '-o' 'CMakeFiles/cmTC_46370.dir/CMakeCXXCompilerABI.cpp.o' '-c' '-mcpu=arm7tdmi' '-mfloat-abi=soft' '-marm' '-mlibarch=armv4t' '-march=armv4t'
 /usr/share/gcc-arm-none-eabi-10.3-2021.10/bin/../lib/gcc/arm-none-eabi/10.3.1/cc1plus -quiet -v -iprefix /usr/share/gcc-arm-none-eabi-10.3-2021.10/bin/../lib/gcc/arm-none-eabi/10.3.1/ -isysroot /usr/share/gcc-arm-none-eabi-10.3-2021.10/bin/../arm-none-eabi -D__USES_INITFINI__ /usr/share/cmake-3.22/Modules/CMakeCXXCompilerABI.cpp -quiet -dumpbase CMakeCXXCompilerABI.cpp -mcpu=arm7tdmi -mfloat-abi=soft -marm -mlibarch=armv4t -march=armv4t -auxbase-strip CMakeFiles/cmTC_46370.dir/CMakeCXXCompilerABI.cpp.o -version -o /tmp/ccUhN95X.s
GNU C++14 (GNU Arm Embedded Toolchain 10.3-2021.10) version 10.3.1 20210824 (release) (arm-none-eabi)
	compiled by GNU C version 4.8.4, GMP version 6.1.0, MPFR version 3.1.4, MPC version 1.0.3, isl version isl-0.18-GMP

GGC heuristics: --param ggc-min-expand=100 --param ggc-min-heapsize=131072
ignoring duplicate directory "/usr/share/gcc-arm-none-eabi-10.3-2021.10/bin/../lib/gcc/../../lib/gcc/arm-none-eabi/10.3.1/../../../../arm-none-eabi/include/c++/10.3.1"
ignoring duplicate directory "/usr/share/gcc-arm-none-eabi-10.3-2021.10/bin/../lib/gcc/../../lib/gcc/arm-none-eabi/10.3.1/../../../../arm-none-eabi/include/c++/10.3.1/arm-none-eabi"
ignoring duplicate directory "/usr/share/gcc-arm-none-eabi-10.3-2021.10/bin/../lib/gcc/../../lib/gcc/arm-none-eabi/10.3.1/../../../../arm-none-eabi/include/c++/10.3.1/backward"
ignoring duplicate directory "/usr/share/gcc-arm-none-eabi-10.3-2021.10/bin/../lib/gcc/../../lib/gcc/arm-none-eabi/10.3.1/include"
ignoring nonexistent directory "/usr/share/gcc-arm-none-eabi-10.3-2021.10/bin/../arm-none-eabi/usr/local/include"
ignoring duplicate directory "/usr/share/gcc-arm-none-eabi-10.3-2021.10/bin/../lib/gcc/../../lib/gcc/arm-none-eabi/10.3.1/include-fixed"
ignoring duplicate directory "/usr/share/gcc-arm-none-eabi-10.3-2021.10/bin/../lib/gcc/../../lib/gcc/arm-none-eabi/10.3.1/../../../../arm-none-eabi/include"
ignoring nonexistent directory "/usr/share/gcc-arm-none-eabi-10.3-2021.10/bin/../arm-none-eabi/usr/include"
#include "..." search starts here:
#include <...> search starts here:
 /usr/share/gcc-arm-none-eabi-10.3-2021.10/bin/../lib/gcc/arm-none-eabi/10.3.1/../../../../arm-none-eabi/include/c++/10.3.1
 /usr/share/gcc-arm-none-eabi-10.3-2021.10/bin/../lib/gcc/arm-none-eabi/10.3.1/../../../../arm-none-eabi/include/c++/10.3.1/arm-none-eabi
 /usr/share/gcc-arm-none-eabi-10.3-2021.10/bin/../lib/gcc/arm-none-eabi/10.3.1/../../../../arm-none-eabi/include/c++/10.3.1/backward
 /usr/share/gcc-arm-none-eabi-10.3-2021.10/bin/../lib/gcc/arm-none-eabi/10.3.1/include
 /usr/share/gcc-arm-none-eabi-10.3-2021.10/bin/../lib/gcc/arm-none-eabi/10.3.1/include-fixed
 /usr/share/gcc-arm-none-eabi-10.3-2021.10/bin/../lib/gcc/arm-none-eabi/10.3.1/../../../../arm-none-eabi/include
End of search list.
GNU C++14 (GNU Arm Embedded Toolchain 10.3-2021.10) version 10.3.1 20210824 (release) (arm-none-eabi)
	compiled by GNU C version 4.8.4, GMP version 6.1.0, MPFR version 3.1.4, MPC version 1.0.3, isl version isl-0.18-GMP

GGC heuristics: --param ggc-min-expand=100 --param ggc-min-heapsize=131072
Compiler executable checksum: 62a2c0a0f0d30bb0bbe5c686601adbb0
COLLECT_GCC_OPTIONS='-v' '-o' 'CMakeFiles/cmTC_46370.dir/CMakeCXXCompilerABI.cpp.o' '-c' '-mcpu=arm7tdmi' '-mfloat-abi=soft' '-marm' '-mlibarch=armv4t' '-march=armv4t'
 /usr/share/gcc-arm-none-eabi-10.3-2021.10/bin/../lib/gcc/arm-none-eabi/10.3.1/../../../../arm-none-eabi/bin/as -v -march=armv4t -mfloat-abi=soft -meabi=5 -o CMakeFiles/cmTC_46370.dir/CMakeCXXCompilerABI.cpp.o /tmp/ccUhN95X.s
GNU assembler version 2.36.1 (arm-none-eabi) using BFD version (GNU Arm Embedded Toolchain 10.3-2021.10) 2.36.1.20210621
COMPILER_PATH=/usr/share/gcc-arm-none-eabi-10.3-2021.10/bin/../lib/gcc/arm-none-eabi/10.3.1/:/usr/share/gcc-arm-none-eabi-10.3-2021.10/bin/../lib/gcc/:/usr/share/gcc-arm-none-eabi-10.3-2021.10/bin/../lib/gcc/arm-none-eabi/10.3.1/../../../../arm-none-eabi/bin/
LIBRARY_PATH=/usr/share/gcc-arm-none-eabi-10.3-2021.10/bin/../lib/gcc/arm-none-eabi/10.3.1/:/usr/share/gcc-arm-none-eabi-10.3-2021.10/bin/../lib/gcc/:/usr/share/gcc-arm-none-eabi-10.3-2021.10/bin/../lib/gcc/arm-none-eabi/10.3.1/../../../../arm-none-eabi/lib/:/usr/share/gcc-arm-none-eabi-10.3-2021.10/bin/../arm-none-eabi/lib/
COLLECT_GCC_OPTIONS='-v' '-o' 'CMakeFiles/cmTC_46370.dir/CMakeCXXCompilerABI.cpp.o' '-c' '-mcpu=arm7tdmi' '-mfloat-abi=soft' '-marm' '-mlibarch=armv4t' '-march=armv4t'
Linking CXX executable cmTC_46370
/usr/bin/cmake -E cmake_link_script CMakeFiles/cmTC_46370.dir/link.txt --verbose=1
/usr/bin/arm-none-eabi-g++  -v CMakeFiles/cmTC_46370.dir/CMakeCXXCompilerABI.cpp.o -o cmTC_46370 
Using built-in specs.
COLLECT_GCC=/usr/bin/arm-none-eabi-g++
COLLECT_LTO_WRAPPER=/usr/share/gcc-arm-none-eabi-10.3-2021.10/bin/../lib/gcc/arm-none-eabi/10.3.1/lto-wrapper
Target: arm-none-eabi
Configured with: /mnt/workspace/workspace/GCC-10-pipeline/jenkins-GCC-10-pipeline-338_20211018_1634516203/src/gcc/configure --target=arm-none-eabi --prefix=/mnt/workspace/workspace/GCC-10-pipeline/jenkins-GCC-10-pipeline-338_20211018_1634516203/install-native --libexecdir=/mnt/workspace/workspace/GCC-10-pipeline/jenkins-GCC-10-pipeline-338_20211018_1634516203/install-native/lib --infodir=/mnt/workspace/workspace/GCC-10-pipeline/jenkins-GCC-10-pipeline-338_20211018_1634516203/install-native/share/doc/gcc-arm-none-eabi/info --mandir=/mnt/workspace/workspace/GCC-10-pipeline/jenkins-GCC-10-pipeline-338_20211018_1634516203/install-native/share/doc/gcc-arm-none-eabi/man --htmldir=/mnt/workspace/workspace/GCC-10-pipeline/jenkins-GCC-10-pipeline-338_20211018_1634516203/install-native/share/doc/gcc-arm-none-eabi/html --pdfdir=/mnt/workspace/workspace/GCC-10-pipeline/jenkins-GCC-10-pipeline-338_20211018_1634516203/install-native/share/doc/gcc-arm-none-eabi/pdf --enable-languages=c,c++ --enable-plugins --disable-decimal-float --disable-libffi --disable-libgomp --disable-libmudflap --disable-libquadmath --disable-libssp --disable-libstdcxx-pch --disable-nls --disable-shared --disable-threads --disable-tls --with-gnu-as --with-gnu-ld --with-newlib --with-headers=yes --with-python-dir=share/gcc-arm-none-eabi --with-sysroot=/mnt/workspace/workspace/GCC-10-pipeline/jenkins-GCC-10-pipeline-338_20211018_1634516203/install-native/arm-none-eabi --build=x86_64-linux-gnu --host=x86_64-linux-gnu --with-gmp=/mnt/workspace/workspace/GCC-10-pipeline/jenkins-GCC-10-pipeline-338_20211018_1634516203/build-native/host-libs/usr --with-mpfr=/mnt/workspace/workspace/GCC-10-pipeline/jenkins-GCC-10-pipeline-338_20211018_1634516203/build-native/host-libs/usr --with-mpc=/mnt/workspace/workspace/GCC-10-pipeline/jenkins-GCC-10-pipeline-338_20211018_1634516203/build-native/host-libs/usr --with-isl=/mnt/workspace/workspace/GCC-10-pipeline/jenkins-GCC-10-pipeline-338_20211018_1634516203/build-native/host-libs/usr --with-libelf=/mnt/workspace/workspace/GCC-10-pipeline/jenkins-GCC-10-pipeline-338_20211018_1634516203/build-native/host-libs/usr --with-host-libstdcxx='-static-libgcc -Wl,-Bstatic,-lstdc++,-Bdynamic -lm' --with-pkgversion='GNU Arm Embedded Toolchain 10.3-2021.10' --with-multilib-list=rmprofile,aprofile
Thread model: single
Supported LTO compression algorithms: zlib
gcc version 10.3.1 20210824 (release) (GNU Arm Embedded Toolchain 10.3-2021.10) 
COMPILER_PATH=/usr/share/gcc-arm-none-eabi-10.3-2021.10/bin/../lib/gcc/arm-none-eabi/10.3.1/:/usr/share/gcc-arm-none-eabi-10.3-2021.10/bin/../lib/gcc/:/usr/share/gcc-arm-none-eabi-10.3-2021.10/bin/../lib/gcc/arm-none-eabi/10.3.1/../../../../arm-none-eabi/bin/
LIBRARY_PATH=/usr/share/gcc-arm-none-eabi-10.3-2021.10/bin/../lib/gcc/arm-none-eabi/10.3.1/:/usr/share/gcc-arm-none-eabi-10.3-2021.10/bin/../lib/gcc/:/usr/share/gcc-arm-none-eabi-10.3-2021.10/bin/../lib/gcc/arm-none-eabi/10.3.1/../../../../arm-none-eabi/lib/:/usr/share/gcc-arm-none-eabi-10.3-2021.10/bin/../arm-none-eabi/lib/
COLLECT_GCC_OPTIONS='-v' '-o' 'cmTC_46370' '-mcpu=arm7tdmi' '-mfloat-abi=soft' '-marm' '-mlibarch=armv4t' '-march=armv4t'
 /usr/share/gcc-arm-none-eabi-10.3-2021.10/bin/../lib/gcc/arm-none-eabi/10.3.1/collect2 -plugin /usr/share/gcc-arm-none-eabi-10.3-2021.10/bin/../lib/gcc/arm-none-eabi/10.3.1/liblto_plugin.so -plugin-opt=/usr/share/gcc-arm-none-eabi-10.3-2021.10/bin/../lib/gcc/arm-none-eabi/10.3.1/lto-wrapper -plugin-opt=-fresolution=/tmp/ccc3voGU.res -plugin-opt=-pass-through=-lgcc -plugin-opt=-pass-through=-lc --sysroot=/usr/share/gcc-arm-none-eabi-10.3-2021.10/bin/../arm-none-eabi -X -o cmTC_46370 /usr/share/gcc-arm-none-eabi-10.3-2021.10/bin/../lib/gcc/arm-none-eabi/10.3.1/crti.o /usr/share/gcc-arm-none-eabi-10.3-2021.10/bin/../lib/gcc/arm-none-eabi/10.3.1/crtbegin.o /usr/share/gcc-arm-none-eabi-10.3-2021.10/bin/../lib/gcc/arm-none-eabi/10.3.1/../../../../arm-none-eabi/lib/crt0.o -L/usr/share/gcc-arm-none-eabi-10.3-2021.10/bin/../lib/gcc/arm-none-eabi/10.3.1 -L/usr/share/gcc-arm-none-eabi-10.3-2021.10/bin/../lib/gcc -L/usr/share/gcc-arm-none-eabi-10.3-2021.10/bin/../lib/gcc/arm-none-eabi/10.3.1/../../../../arm-none-eabi/lib -L/usr/share/gcc-arm-none-eabi-10.3-2021.10/bin/../arm-none-eabi/lib CMakeFiles/cmTC_46370.dir/CMakeCXXCompilerABI.cpp.o -lstdc++ -lm --start-group -lgcc -lc --end-group /usr/share/gcc-arm-none-eabi-10.3-2021.10/bin/../lib/gcc/arm-none-eabi/10.3.1/crtend.o /usr/share/gcc-arm-none-eabi-10.3-2021.10/bin/../lib/gcc/arm-none-eabi/10.3.1/crtn.o
/usr/share/gcc-arm-none-eabi-10.3-2021.10/bin/../lib/gcc/arm-none-eabi/10.3.1/../../../../arm-none-eabi/bin/ld: /usr/share/gcc-arm-none-eabi-10.3-2021.10/bin/../lib/gcc/arm-none-eabi/10.3.1/../../../../arm-none-eabi/lib/libc.a(lib_a-exit.o): in function `exit':
exit.c:(.text.exit+0x2c): undefined reference to `_exit'
collect2: error: ld returned 1 exit status
gmake[1]: *** [CMakeFiles/cmTC_46370.dir/build.make:99: cmTC_46370] Error 1
gmake[1]: Leaving directory '/home/sven/github/QWave/build/CMakeFiles/CMakeTmp'
gmake: *** [Makefile:127: cmTC_46370/fast] Error 2




Determining if the CXX compiler works failed with the following output:
Change Dir: /home/sven/github/QWave/build/CMakeFiles/CMakeTmp

Run Build Command(s):/usr/bin/gmake -f Makefile cmTC_f281c/fast && /usr/bin/gmake  -f CMakeFiles/cmTC_f281c.dir/build.make CMakeFiles/cmTC_f281c.dir/build
gmake[1]: Verzeichnis „/home/sven/github/QWave/build/CMakeFiles/CMakeTmp“ wird betreten
Building CXX object CMakeFiles/cmTC_f281c.dir/testCXXCompiler.cxx.o
/usr/bin/arm-none-eabi-g++    -o CMakeFiles/cmTC_f281c.dir/testCXXCompiler.cxx.o -c /home/sven/github/QWave/build/CMakeFiles/CMakeTmp/testCXXCompiler.cxx
Linking CXX executable cmTC_f281c
/usr/bin/cmake -E cmake_link_script CMakeFiles/cmTC_f281c.dir/link.txt --verbose=1
/usr/bin/arm-none-eabi-g++ CMakeFiles/cmTC_f281c.dir/testCXXCompiler.cxx.o -o cmTC_f281c 
/usr/share/gcc-arm-none-eabi-10.3-2021.10/bin/../lib/gcc/arm-none-eabi/10.3.1/../../../../arm-none-eabi/bin/ld: /usr/share/gcc-arm-none-eabi-10.3-2021.10/bin/../lib/gcc/arm-none-eabi/10.3.1/../../../../arm-none-eabi/lib/libc.a(lib_a-exit.o): in function `exit':
exit.c:(.text.exit+0x2c): undefined reference to `_exit'
collect2: error: ld returned 1 exit status
gmake[1]: *** [CMakeFiles/cmTC_f281c.dir/build.make:99: cmTC_f281c] Fehler 1
gmake[1]: Verzeichnis „/home/sven/github/QWave/build/CMakeFiles/CMakeTmp“ wird verlassen
gmake: *** [Makefile:127: cmTC_f281c/fast] Fehler 2



